{"meta": {"format": 3, "version": "7.12.0", "timestamp": "2025-11-28T15:53:24.142551", "branch_coverage": false, "show_contexts": false}, "files": {"src/cli/__init__.py": {"executed_lines": [1, 3], "summary": {"covered_lines": 1, "num_statements": 1, "percent_covered": 100.0, "percent_covered_display": "100", "missing_lines": 0, "excluded_lines": 0, "percent_statements_covered": 100.0, "percent_statements_covered_display": "100"}, "missing_lines": [], "excluded_lines": [], "functions": {"": {"executed_lines": [1, 3], "summary": {"covered_lines": 1, "num_statements": 1, "percent_covered": 100.0, "percent_covered_display": "100", "missing_lines": 0, "excluded_lines": 0, "percent_statements_covered": 100.0, "percent_statements_covered_display": "100"}, "missing_lines": [], "excluded_lines": []}}, "classes": {"": {"executed_lines": [1, 3], "summary": {"covered_lines": 1, "num_statements": 1, "percent_covered": 100.0, "percent_covered_display": "100", "missing_lines": 0, "excluded_lines": 0, "percent_statements_covered": 100.0, "percent_statements_covered_display": "100"}, "missing_lines": [], "excluded_lines": []}}}, "src/cli/commands/__init__.py": {"executed_lines": [1], "summary": {"covered_lines": 0, "num_statements": 0, "percent_covered": 100.0, "percent_covered_display": "100", "missing_lines": 0, "excluded_lines": 0, "percent_statements_covered": 100.0, "percent_statements_covered_display": "100"}, "missing_lines": [], "excluded_lines": [], "functions": {"": {"executed_lines": [1], "summary": {"covered_lines": 0, "num_statements": 0, "percent_covered": 100.0, "percent_covered_display": "100", "missing_lines": 0, "excluded_lines": 0, "percent_statements_covered": 100.0, "percent_statements_covered_display": "100"}, "missing_lines": [], "excluded_lines": []}}, "classes": {"": {"executed_lines": [1], "summary": {"covered_lines": 0, "num_statements": 0, "percent_covered": 100.0, "percent_covered_display": "100", "missing_lines": 0, "excluded_lines": 0, "percent_statements_covered": 100.0, "percent_statements_covered_display": "100"}, "missing_lines": [], "excluded_lines": []}}}, "src/cli/commands/analyze.py": {"executed_lines": [1, 3, 4, 5, 7, 8, 9, 10, 12, 13, 14, 15, 16, 17, 19, 23, 32, 35, 36, 38, 40, 41, 44, 45, 46, 47, 63, 84, 86, 87, 88, 89, 90, 91, 92, 93, 94, 96, 97, 98, 99, 100, 101, 102, 103, 122, 125, 156, 159, 160, 168, 170, 175, 183, 184, 185, 186, 189, 195, 198, 200, 203, 204, 209, 210, 217, 218, 219, 220, 222, 223, 224, 225, 228, 245, 246, 248, 257, 258, 260, 262, 263, 264, 265, 267, 273, 274, 280, 281, 282, 286, 289, 316, 325, 327, 328, 329, 330, 335], "summary": {"covered_lines": 98, "num_statements": 138, "percent_covered": 71.01449275362319, "percent_covered_display": "71", "missing_lines": 40, "excluded_lines": 0, "percent_statements_covered": 71.01449275362319, "percent_statements_covered_display": "71"}, "missing_lines": [49, 50, 55, 56, 171, 172, 173, 206, 275, 276, 277, 283, 284, 310, 311, 332, 343, 344, 346, 347, 348, 349, 350, 351, 352, 353, 356, 357, 364, 365, 366, 377, 378, 379, 380, 384, 394, 397, 398, 399], "excluded_lines": [], "functions": {"_analyze_file_worker": {"executed_lines": [32, 35, 36, 38, 40, 41, 44, 45, 46, 47], "summary": {"covered_lines": 10, "num_statements": 14, "percent_covered": 71.42857142857143, "percent_covered_display": "71", "missing_lines": 4, "excluded_lines": 0, "percent_statements_covered": 71.42857142857143, "percent_statements_covered_display": "71"}, "missing_lines": [49, 50, 55, 56], "excluded_lines": []}, "_analyze_file_impl": {"executed_lines": [84, 86, 87, 88, 89, 90, 91, 92, 93, 94, 96, 97, 98, 99, 100, 101, 102, 103, 122], "summary": {"covered_lines": 19, "num_statements": 19, "percent_covered": 100.0, "percent_covered_display": "100", "missing_lines": 0, "excluded_lines": 0, "percent_statements_covered": 100.0, "percent_statements_covered_display": "100"}, "missing_lines": [], "excluded_lines": []}, "analyze_command": {"executed_lines": [156, 159, 160, 168, 170, 175, 183, 184, 185, 186, 189, 195, 198, 200, 203, 204, 209, 210, 217, 218, 219, 220, 222, 223, 224, 225], "summary": {"covered_lines": 26, "num_statements": 30, "percent_covered": 86.66666666666667, "percent_covered_display": "87", "missing_lines": 4, "excluded_lines": 0, "percent_statements_covered": 86.66666666666667, "percent_statements_covered_display": "87"}, "missing_lines": [171, 172, 173, 206], "excluded_lines": []}, "_process_parallel": {"executed_lines": [245, 246, 248, 257, 258, 260, 267, 273, 274, 280, 281, 282, 286], "summary": {"covered_lines": 13, "num_statements": 18, "percent_covered": 72.22222222222223, "percent_covered_display": "72", "missing_lines": 5, "excluded_lines": 0, "percent_statements_covered": 72.22222222222223, "percent_statements_covered_display": "72"}, "missing_lines": [275, 276, 277, 283, 284], "excluded_lines": []}, "_process_parallel.progress_callback": {"executed_lines": [262, 263, 264, 265], "summary": {"covered_lines": 4, "num_statements": 4, "percent_covered": 100.0, "percent_covered_display": "100", "missing_lines": 0, "excluded_lines": 0, "percent_statements_covered": 100.0, "percent_statements_covered_display": "100"}, "missing_lines": [], "excluded_lines": []}, "analyze_file": {"executed_lines": [], "summary": {"covered_lines": 0, "num_statements": 2, "percent_covered": 0.0, "percent_covered_display": "0", "missing_lines": 2, "excluded_lines": 0, "percent_statements_covered": 0.0, "percent_statements_covered_display": "0"}, "missing_lines": [310, 311], "excluded_lines": []}, "output_json": {"executed_lines": [325, 327, 328, 329, 330], "summary": {"covered_lines": 5, "num_statements": 6, "percent_covered": 83.33333333333333, "percent_covered_display": "83", "missing_lines": 1, "excluded_lines": 0, "percent_statements_covered": 83.33333333333333, "percent_statements_covered_display": "83"}, "missing_lines": [332], "excluded_lines": []}, "output_table": {"executed_lines": [], "summary": {"covered_lines": 0, "num_statements": 24, "percent_covered": 0.0, "percent_covered_display": "0", "missing_lines": 24, "excluded_lines": 0, "percent_statements_covered": 0.0, "percent_statements_covered_display": "0"}, "missing_lines": [343, 344, 346, 347, 348, 349, 350, 351, 352, 353, 356, 357, 364, 365, 366, 377, 378, 379, 380, 384, 394, 397, 398, 399], "excluded_lines": []}, "": {"executed_lines": [1, 3, 4, 5, 7, 8, 9, 10, 12, 13, 14, 15, 16, 17, 19, 23, 63, 125, 228, 289, 316, 335], "summary": {"covered_lines": 21, "num_statements": 21, "percent_covered": 100.0, "percent_covered_display": "100", "missing_lines": 0, "excluded_lines": 0, "percent_statements_covered": 100.0, "percent_statements_covered_display": "100"}, "missing_lines": [], "excluded_lines": []}}, "classes": {"": {"executed_lines": [1, 3, 4, 5, 7, 8, 9, 10, 12, 13, 14, 15, 16, 17, 19, 23, 32, 35, 36, 38, 40, 41, 44, 45, 46, 47, 63, 84, 86, 87, 88, 89, 90, 91, 92, 93, 94, 96, 97, 98, 99, 100, 101, 102, 103, 122, 125, 156, 159, 160, 168, 170, 175, 183, 184, 185, 186, 189, 195, 198, 200, 203, 204, 209, 210, 217, 218, 219, 220, 222, 223, 224, 225, 228, 245, 246, 248, 257, 258, 260, 262, 263, 264, 265, 267, 273, 274, 280, 281, 282, 286, 289, 316, 325, 327, 328, 329, 330, 335], "summary": {"covered_lines": 98, "num_statements": 138, "percent_covered": 71.01449275362319, "percent_covered_display": "71", "missing_lines": 40, "excluded_lines": 0, "percent_statements_covered": 71.01449275362319, "percent_statements_covered_display": "71"}, "missing_lines": [49, 50, 55, 56, 171, 172, 173, 206, 275, 276, 277, 283, 284, 310, 311, 332, 343, 344, 346, 347, 348, 349, 350, 351, 352, 353, 356, 357, 364, 365, 366, 377, 378, 379, 380, 384, 394, 397, 398, 399], "excluded_lines": []}}}, "src/cli/commands/evaluate.py": {"executed_lines": [1, 3, 5, 7, 9, 12, 13, 75, 76, 91, 92], "summary": {"covered_lines": 10, "num_statements": 19, "percent_covered": 52.63157894736842, "percent_covered_display": "53", "missing_lines": 9, "excluded_lines": 0, "percent_statements_covered": 52.63157894736842, "percent_statements_covered_display": "53"}, "missing_lines": [86, 87, 88, 167, 169, 170, 180, 181, 182], "excluded_lines": [], "functions": {"evaluate_bpm_command": {"executed_lines": [75, 76], "summary": {"covered_lines": 2, "num_statements": 5, "percent_covered": 40.0, "percent_covered_display": "40", "missing_lines": 3, "excluded_lines": 0, "percent_statements_covered": 40.0, "percent_statements_covered_display": "40"}, "missing_lines": [86, 87, 88], "excluded_lines": []}, "evaluate_structure_command": {"executed_lines": [], "summary": {"covered_lines": 0, "num_statements": 6, "percent_covered": 0.0, "percent_covered_display": "0", "missing_lines": 6, "excluded_lines": 0, "percent_statements_covered": 0.0, "percent_statements_covered_display": "0"}, "missing_lines": [167, 169, 170, 180, 181, 182], "excluded_lines": []}, "": {"executed_lines": [1, 3, 5, 7, 9, 12, 13, 91, 92], "summary": {"covered_lines": 8, "num_statements": 8, "percent_covered": 100.0, "percent_covered_display": "100", "missing_lines": 0, "excluded_lines": 0, "percent_statements_covered": 100.0, "percent_statements_covered_display": "100"}, "missing_lines": [], "excluded_lines": []}}, "classes": {"": {"executed_lines": [1, 3, 5, 7, 9, 12, 13, 75, 76, 91, 92], "summary": {"covered_lines": 10, "num_statements": 19, "percent_covered": 52.63157894736842, "percent_covered_display": "53", "missing_lines": 9, "excluded_lines": 0, "percent_statements_covered": 52.63157894736842, "percent_statements_covered_display": "53"}, "missing_lines": [86, 87, 88, 167, 169, 170, 180, 181, 182], "excluded_lines": []}}}, "src/cli/main.py": {"executed_lines": [1, 3, 4, 6, 7, 8, 10, 11, 12, 13, 14, 15, 17, 24, 26, 29, 31, 32, 33, 34, 37, 38, 49, 52, 53, 181, 182, 186, 194, 196, 198, 199, 202, 207, 208, 211, 212, 216, 217, 220, 221, 243, 246], "summary": {"covered_lines": 42, "num_statements": 53, "percent_covered": 79.24528301886792, "percent_covered_display": "79", "missing_lines": 11, "excluded_lines": 0, "percent_statements_covered": 79.24528301886792, "percent_statements_covered_display": "79"}, "missing_lines": [183, 203, 204, 213, 235, 236, 237, 238, 239, 240, 247], "excluded_lines": [], "functions": {"version_callback": {"executed_lines": [31, 32, 33, 34], "summary": {"covered_lines": 4, "num_statements": 4, "percent_covered": 100.0, "percent_covered_display": "100", "missing_lines": 0, "excluded_lines": 0, "percent_statements_covered": 100.0, "percent_statements_covered_display": "100"}, "missing_lines": [], "excluded_lines": []}, "main": {"executed_lines": [49], "summary": {"covered_lines": 1, "num_statements": 1, "percent_covered": 100.0, "percent_covered_display": "100", "missing_lines": 0, "excluded_lines": 0, "percent_statements_covered": 100.0, "percent_statements_covered_display": "100"}, "missing_lines": [], "excluded_lines": []}, "analyze": {"executed_lines": [181, 182, 186, 194, 196, 198, 199, 202, 207, 208, 211, 212, 216, 217, 220, 221, 243], "summary": {"covered_lines": 17, "num_statements": 27, "percent_covered": 62.96296296296296, "percent_covered_display": "63", "missing_lines": 10, "excluded_lines": 0, "percent_statements_covered": 62.96296296296296, "percent_statements_covered_display": "63"}, "missing_lines": [183, 203, 204, 213, 235, 236, 237, 238, 239, 240], "excluded_lines": []}, "": {"executed_lines": [1, 3, 4, 6, 7, 8, 10, 11, 12, 13, 14, 15, 17, 24, 26, 29, 37, 38, 52, 53, 246], "summary": {"covered_lines": 20, "num_statements": 21, "percent_covered": 95.23809523809524, "percent_covered_display": "95", "missing_lines": 1, "excluded_lines": 0, "percent_statements_covered": 95.23809523809524, "percent_statements_covered_display": "95"}, "missing_lines": [247], "excluded_lines": []}}, "classes": {"": {"executed_lines": [1, 3, 4, 6, 7, 8, 10, 11, 12, 13, 14, 15, 17, 24, 26, 29, 31, 32, 33, 34, 37, 38, 49, 52, 53, 181, 182, 186, 194, 196, 198, 199, 202, 207, 208, 211, 212, 216, 217, 220, 221, 243, 246], "summary": {"covered_lines": 42, "num_statements": 53, "percent_covered": 79.24528301886792, "percent_covered_display": "79", "missing_lines": 11, "excluded_lines": 0, "percent_statements_covered": 79.24528301886792, "percent_statements_covered_display": "79"}, "missing_lines": [183, 203, 204, 213, 235, 236, 237, 238, 239, 240, 247], "excluded_lines": []}}}, "src/edm/__init__.py": {"executed_lines": [1, 7, 8], "summary": {"covered_lines": 2, "num_statements": 2, "percent_covered": 100.0, "percent_covered_display": "100", "missing_lines": 0, "excluded_lines": 0, "percent_statements_covered": 100.0, "percent_statements_covered_display": "100"}, "missing_lines": [], "excluded_lines": [], "functions": {"": {"executed_lines": [1, 7, 8], "summary": {"covered_lines": 2, "num_statements": 2, "percent_covered": 100.0, "percent_covered_display": "100", "missing_lines": 0, "excluded_lines": 0, "percent_statements_covered": 100.0, "percent_statements_covered_display": "100"}, "missing_lines": [], "excluded_lines": []}}, "classes": {"": {"executed_lines": [1, 7, 8], "summary": {"covered_lines": 2, "num_statements": 2, "percent_covered": 100.0, "percent_covered_display": "100", "missing_lines": 0, "excluded_lines": 0, "percent_statements_covered": 100.0, "percent_statements_covered_display": "100"}, "missing_lines": [], "excluded_lines": []}}}, "src/edm/analysis/__init__.py": {"executed_lines": [1, 3, 11, 12, 13, 21], "summary": {"covered_lines": 5, "num_statements": 5, "percent_covered": 100.0, "percent_covered_display": "100", "missing_lines": 0, "excluded_lines": 0, "percent_statements_covered": 100.0, "percent_statements_covered_display": "100"}, "missing_lines": [], "excluded_lines": [], "functions": {"": {"executed_lines": [1, 3, 11, 12, 13, 21], "summary": {"covered_lines": 5, "num_statements": 5, "percent_covered": 100.0, "percent_covered_display": "100", "missing_lines": 0, "excluded_lines": 0, "percent_statements_covered": 100.0, "percent_statements_covered_display": "100"}, "missing_lines": [], "excluded_lines": []}}, "classes": {"": {"executed_lines": [1, 3, 11, 12, 13, 21], "summary": {"covered_lines": 5, "num_statements": 5, "percent_covered": 100.0, "percent_covered_display": "100", "missing_lines": 0, "excluded_lines": 0, "percent_statements_covered": 100.0, "percent_statements_covered_display": "100"}, "missing_lines": [], "excluded_lines": []}}}, "src/edm/analysis/bars.py": {"executed_lines": [1, 8, 10, 12, 17, 20, 48, 49, 54, 57, 58, 61, 62, 64, 67, 96, 97, 102, 105, 108, 109, 111, 114, 143, 144, 149, 150, 151, 153, 156, 157, 160, 162, 165, 187, 188, 190, 191, 192, 194, 195, 196, 198, 201, 224, 225, 227, 228, 231, 234, 235], "summary": {"covered_lines": 49, "num_statements": 50, "percent_covered": 98.0, "percent_covered_display": "98", "missing_lines": 1, "excluded_lines": 2, "percent_statements_covered": 98.0, "percent_statements_covered_display": "98"}, "missing_lines": [229], "excluded_lines": [12, 13], "functions": {"time_to_bars": {"executed_lines": [48, 49, 54, 57, 58, 61, 62, 64], "summary": {"covered_lines": 8, "num_statements": 8, "percent_covered": 100.0, "percent_covered_display": "100", "missing_lines": 0, "excluded_lines": 0, "percent_statements_covered": 100.0, "percent_statements_covered_display": "100"}, "missing_lines": [], "excluded_lines": []}, "bars_to_time": {"executed_lines": [96, 97, 102, 105, 108, 109, 111], "summary": {"covered_lines": 7, "num_statements": 7, "percent_covered": 100.0, "percent_covered_display": "100", "missing_lines": 0, "excluded_lines": 0, "percent_statements_covered": 100.0, "percent_statements_covered_display": "100"}, "missing_lines": [], "excluded_lines": []}, "bar_count_for_range": {"executed_lines": [143, 144, 149, 150, 151, 153, 156, 157, 160, 162], "summary": {"covered_lines": 10, "num_statements": 10, "percent_covered": 100.0, "percent_covered_display": "100", "missing_lines": 0, "excluded_lines": 0, "percent_statements_covered": 100.0, "percent_statements_covered_display": "100"}, "missing_lines": [], "excluded_lines": []}, "get_section_at_bar": {"executed_lines": [187, 188, 190, 191, 192, 194, 195, 196, 198], "summary": {"covered_lines": 9, "num_statements": 9, "percent_covered": 100.0, "percent_covered_display": "100", "missing_lines": 0, "excluded_lines": 0, "percent_statements_covered": 100.0, "percent_statements_covered_display": "100"}, "missing_lines": [], "excluded_lines": []}, "check_bar_alignment": {"executed_lines": [224, 225, 227, 228, 231, 234, 235], "summary": {"covered_lines": 7, "num_statements": 8, "percent_covered": 87.5, "percent_covered_display": "88", "missing_lines": 1, "excluded_lines": 0, "percent_statements_covered": 87.5, "percent_statements_covered_display": "88"}, "missing_lines": [229], "excluded_lines": []}, "": {"executed_lines": [1, 8, 10, 12, 17, 20, 67, 114, 165, 201], "summary": {"covered_lines": 8, "num_statements": 8, "percent_covered": 100.0, "percent_covered_display": "100", "missing_lines": 0, "excluded_lines": 2, "percent_statements_covered": 100.0, "percent_statements_covered_display": "100"}, "missing_lines": [], "excluded_lines": [12, 13]}}, "classes": {"": {"executed_lines": [1, 8, 10, 12, 17, 20, 48, 49, 54, 57, 58, 61, 62, 64, 67, 96, 97, 102, 105, 108, 109, 111, 114, 143, 144, 149, 150, 151, 153, 156, 157, 160, 162, 165, 187, 188, 190, 191, 192, 194, 195, 196, 198, 201, 224, 225, 227, 228, 231, 234, 235], "summary": {"covered_lines": 49, "num_statements": 50, "percent_covered": 98.0, "percent_covered_display": "98", "missing_lines": 1, "excluded_lines": 2, "percent_statements_covered": 98.0, "percent_statements_covered_display": "98"}, "missing_lines": [229], "excluded_lines": [12, 13]}}}, "src/edm/analysis/bpm.py": {"executed_lines": [1, 3, 4, 5, 6, 8, 10, 12, 15, 16, 17, 28, 29, 30, 31, 32, 33, 36, 76, 79, 80, 82, 85, 86, 87, 88, 89, 93, 94, 95, 96, 97, 99, 100, 101, 103, 105, 108, 117, 119, 120, 122, 124, 127, 136, 138, 139, 141, 142, 144, 153, 154, 156, 157, 158, 161, 178, 180, 181, 184, 185, 187, 189, 196, 204, 205, 206, 209], "summary": {"covered_lines": 66, "num_statements": 71, "percent_covered": 92.95774647887323, "percent_covered_display": "93", "missing_lines": 5, "excluded_lines": 0, "percent_statements_covered": 92.95774647887323, "percent_statements_covered_display": "93"}, "missing_lines": [90, 91, 145, 146, 218], "excluded_lines": [], "functions": {"analyze_bpm": {"executed_lines": [76, 79, 80, 82, 85, 86, 87, 88, 89, 93, 94, 95, 96, 97, 99, 100, 101, 103, 105], "summary": {"covered_lines": 19, "num_statements": 21, "percent_covered": 90.47619047619048, "percent_covered_display": "90", "missing_lines": 2, "excluded_lines": 0, "percent_statements_covered": 90.47619047619048, "percent_statements_covered_display": "90"}, "missing_lines": [90, 91], "excluded_lines": []}, "_build_strategy": {"executed_lines": [117, 119, 120, 122, 124], "summary": {"covered_lines": 5, "num_statements": 5, "percent_covered": 100.0, "percent_covered_display": "100", "missing_lines": 0, "excluded_lines": 0, "percent_statements_covered": 100.0, "percent_statements_covered_display": "100"}, "missing_lines": [], "excluded_lines": []}, "_try_metadata": {"executed_lines": [136, 138, 139, 141, 142, 144, 153, 154, 156, 157, 158], "summary": {"covered_lines": 11, "num_statements": 13, "percent_covered": 84.61538461538461, "percent_covered_display": "85", "missing_lines": 2, "excluded_lines": 0, "percent_statements_covered": 84.61538461538461, "percent_statements_covered_display": "85"}, "missing_lines": [145, 146], "excluded_lines": []}, "_try_compute": {"executed_lines": [178, 180, 181, 184, 185, 187, 189, 196, 204, 205, 206], "summary": {"covered_lines": 11, "num_statements": 11, "percent_covered": 100.0, "percent_covered_display": "100", "missing_lines": 0, "excluded_lines": 0, "percent_statements_covered": 100.0, "percent_statements_covered_display": "100"}, "missing_lines": [], "excluded_lines": []}, "_is_valid_bpm": {"executed_lines": [], "summary": {"covered_lines": 0, "num_statements": 1, "percent_covered": 0.0, "percent_covered_display": "0", "missing_lines": 1, "excluded_lines": 0, "percent_statements_covered": 0.0, "percent_statements_covered_display": "0"}, "missing_lines": [218], "excluded_lines": []}, "": {"executed_lines": [1, 3, 4, 5, 6, 8, 10, 12, 15, 16, 17, 28, 29, 30, 31, 32, 33, 36, 108, 127, 161, 209], "summary": {"covered_lines": 20, "num_statements": 20, "percent_covered": 100.0, "percent_covered_display": "100", "missing_lines": 0, "excluded_lines": 0, "percent_statements_covered": 100.0, "percent_statements_covered_display": "100"}, "missing_lines": [], "excluded_lines": []}}, "classes": {"BPMResult": {"executed_lines": [], "summary": {"covered_lines": 0, "num_statements": 0, "percent_covered": 100.0, "percent_covered_display": "100", "missing_lines": 0, "excluded_lines": 0, "percent_statements_covered": 100.0, "percent_statements_covered_display": "100"}, "missing_lines": [], "excluded_lines": []}, "": {"executed_lines": [1, 3, 4, 5, 6, 8, 10, 12, 15, 16, 17, 28, 29, 30, 31, 32, 33, 36, 76, 79, 80, 82, 85, 86, 87, 88, 89, 93, 94, 95, 96, 97, 99, 100, 101, 103, 105, 108, 117, 119, 120, 122, 124, 127, 136, 138, 139, 141, 142, 144, 153, 154, 156, 157, 158, 161, 178, 180, 181, 184, 185, 187, 189, 196, 204, 205, 206, 209], "summary": {"covered_lines": 66, "num_statements": 71, "percent_covered": 92.95774647887323, "percent_covered_display": "93", "missing_lines": 5, "excluded_lines": 0, "percent_statements_covered": 92.95774647887323, "percent_statements_covered_display": "93"}, "missing_lines": [90, 91, 145, 146, 218], "excluded_lines": []}}}, "src/edm/analysis/bpm_detector.py": {"executed_lines": [1, 3, 4, 5, 7, 8, 9, 11, 13, 16, 17, 18, 27, 28, 29, 30, 33, 51, 53, 54, 55, 58, 59, 61, 64, 67, 69, 76, 77, 78, 81, 82, 85, 86, 87, 88, 89, 92, 94, 95, 111, 138, 140, 142, 143, 145, 148, 151, 154, 155, 156, 157, 158, 159, 160, 162, 165, 166, 167, 168, 169, 172, 174, 175, 179, 180, 181, 183, 186, 200, 203, 204, 207, 208, 209, 214, 217, 220, 246, 247, 249], "summary": {"covered_lines": 79, "num_statements": 98, "percent_covered": 80.61224489795919, "percent_covered_display": "81", "missing_lines": 19, "excluded_lines": 0, "percent_statements_covered": 80.61224489795919, "percent_statements_covered_display": "81"}, "missing_lines": [70, 71, 73, 99, 100, 101, 103, 104, 105, 106, 108, 250, 251, 252, 254, 255, 256, 257, 258], "excluded_lines": [], "functions": {"compute_bpm_beat_this": {"executed_lines": [51, 53, 54, 55, 58, 59, 61, 64, 67, 69, 76, 77, 78, 81, 82, 85, 86, 87, 88, 89, 92, 94, 95], "summary": {"covered_lines": 23, "num_statements": 34, "percent_covered": 67.6470588235294, "percent_covered_display": "68", "missing_lines": 11, "excluded_lines": 0, "percent_statements_covered": 67.6470588235294, "percent_statements_covered_display": "68"}, "missing_lines": [70, 71, 73, 99, 100, 101, 103, 104, 105, 106, 108], "excluded_lines": []}, "compute_bpm_librosa": {"executed_lines": [138, 140, 142, 143, 145, 148, 151, 154, 155, 156, 157, 158, 159, 160, 162, 165, 166, 167, 168, 169, 172, 174, 175, 179, 180, 181, 183], "summary": {"covered_lines": 27, "num_statements": 27, "percent_covered": 100.0, "percent_covered_display": "100", "missing_lines": 0, "excluded_lines": 0, "percent_statements_covered": 100.0, "percent_statements_covered_display": "100"}, "missing_lines": [], "excluded_lines": []}, "_adjust_bpm_to_edm_range": {"executed_lines": [200, 203, 204, 207, 208, 209, 214, 217], "summary": {"covered_lines": 8, "num_statements": 8, "percent_covered": 100.0, "percent_covered_display": "100", "missing_lines": 0, "excluded_lines": 0, "percent_statements_covered": 100.0, "percent_statements_covered_display": "100"}, "missing_lines": [], "excluded_lines": []}, "compute_bpm": {"executed_lines": [246, 247, 249], "summary": {"covered_lines": 3, "num_statements": 11, "percent_covered": 27.272727272727273, "percent_covered_display": "27", "missing_lines": 8, "excluded_lines": 0, "percent_statements_covered": 27.272727272727273, "percent_statements_covered_display": "27"}, "missing_lines": [250, 251, 252, 254, 255, 256, 257, 258], "excluded_lines": []}, "": {"executed_lines": [1, 3, 4, 5, 7, 8, 9, 11, 13, 16, 17, 18, 27, 28, 29, 30, 33, 111, 186, 220], "summary": {"covered_lines": 18, "num_statements": 18, "percent_covered": 100.0, "percent_covered_display": "100", "missing_lines": 0, "excluded_lines": 0, "percent_statements_covered": 100.0, "percent_statements_covered_display": "100"}, "missing_lines": [], "excluded_lines": []}}, "classes": {"ComputedBPM": {"executed_lines": [], "summary": {"covered_lines": 0, "num_statements": 0, "percent_covered": 100.0, "percent_covered_display": "100", "missing_lines": 0, "excluded_lines": 0, "percent_statements_covered": 100.0, "percent_statements_covered_display": "100"}, "missing_lines": [], "excluded_lines": []}, "": {"executed_lines": [1, 3, 4, 5, 7, 8, 9, 11, 13, 16, 17, 18, 27, 28, 29, 30, 33, 51, 53, 54, 55, 58, 59, 61, 64, 67, 69, 76, 77, 78, 81, 82, 85, 86, 87, 88, 89, 92, 94, 95, 111, 138, 140, 142, 143, 145, 148, 151, 154, 155, 156, 157, 158, 159, 160, 162, 165, 166, 167, 168, 169, 172, 174, 175, 179, 180, 181, 183, 186, 200, 203, 204, 207, 208, 209, 214, 217, 220, 246, 247, 249], "summary": {"covered_lines": 79, "num_statements": 98, "percent_covered": 80.61224489795919, "percent_covered_display": "81", "missing_lines": 19, "excluded_lines": 0, "percent_statements_covered": 80.61224489795919, "percent_statements_covered_display": "81"}, "missing_lines": [70, 71, 73, 99, 100, 101, 103, 104, 105, 106, 108, 250, 251, 252, 254, 255, 256, 257, 258], "excluded_lines": []}}}, "src/edm/analysis/structure.py": {"executed_lines": [1, 3, 4, 6, 7, 9, 10, 11, 17, 20, 21, 22, 34, 35, 36, 37, 38, 39, 40, 43, 44, 45, 54, 55, 56, 57, 60, 99, 102, 103, 104, 106, 116, 117, 122, 123, 124, 125, 127, 130, 131, 132, 133, 135, 136, 137, 138, 139, 144, 145, 146, 147, 148, 149, 150, 151, 152, 153, 156, 167, 170, 171, 174, 177, 180, 188, 196, 212, 214, 215, 216, 219, 222, 223, 234, 235, 236, 239, 241, 249, 251, 259, 262, 265, 266, 267, 268, 275, 278, 291, 292, 294, 295, 297, 298, 299, 300, 308, 320], "summary": {"covered_lines": 96, "num_statements": 109, "percent_covered": 88.07339449541284, "percent_covered_display": "88", "missing_lines": 13, "excluded_lines": 0, "percent_statements_covered": 88.07339449541284, "percent_statements_covered_display": "88"}, "missing_lines": [105, 107, 108, 113, 118, 119, 141, 175, 178, 260, 304, 305, 306], "excluded_lines": [], "functions": {"analyze_structure": {"executed_lines": [99, 102, 103, 104, 106, 116, 117, 122, 123, 124, 125, 127, 130, 131, 132, 133, 135, 136, 137, 138, 139, 144, 145, 146, 147, 148, 149, 150, 151, 152, 153, 156, 167, 170, 171, 174, 177, 180, 188], "summary": {"covered_lines": 39, "num_statements": 48, "percent_covered": 81.25, "percent_covered_display": "81", "missing_lines": 9, "excluded_lines": 0, "percent_statements_covered": 81.25, "percent_statements_covered_display": "81"}, "missing_lines": [105, 107, 108, 113, 118, 119, 141, 175, 178], "excluded_lines": []}, "_post_process_sections": {"executed_lines": [212, 214, 215, 216, 219, 222, 223, 234, 235, 236, 239, 241, 249, 251, 259, 262, 265, 266, 267, 268, 275], "summary": {"covered_lines": 21, "num_statements": 22, "percent_covered": 95.45454545454545, "percent_covered_display": "95", "missing_lines": 1, "excluded_lines": 0, "percent_statements_covered": 95.45454545454545, "percent_statements_covered_display": "95"}, "missing_lines": [260], "excluded_lines": []}, "_add_bar_calculations": {"executed_lines": [291, 292, 294, 295, 297, 298, 299, 300, 308, 320], "summary": {"covered_lines": 10, "num_statements": 13, "percent_covered": 76.92307692307692, "percent_covered_display": "77", "missing_lines": 3, "excluded_lines": 0, "percent_statements_covered": 76.92307692307692, "percent_statements_covered_display": "77"}, "missing_lines": [304, 305, 306], "excluded_lines": []}, "": {"executed_lines": [1, 3, 4, 6, 7, 9, 10, 11, 17, 20, 21, 22, 34, 35, 36, 37, 38, 39, 40, 43, 44, 45, 54, 55, 56, 57, 60, 196, 278], "summary": {"covered_lines": 26, "num_statements": 26, "percent_covered": 100.0, "percent_covered_display": "100", "missing_lines": 0, "excluded_lines": 0, "percent_statements_covered": 100.0, "percent_statements_covered_display": "100"}, "missing_lines": [], "excluded_lines": []}}, "classes": {"Section": {"executed_lines": [], "summary": {"covered_lines": 0, "num_statements": 0, "percent_covered": 100.0, "percent_covered_display": "100", "missing_lines": 0, "excluded_lines": 0, "percent_statements_covered": 100.0, "percent_statements_covered_display": "100"}, "missing_lines": [], "excluded_lines": []}, "StructureResult": {"executed_lines": [], "summary": {"covered_lines": 0, "num_statements": 0, "percent_covered": 100.0, "percent_covered_display": "100", "missing_lines": 0, "excluded_lines": 0, "percent_statements_covered": 100.0, "percent_statements_covered_display": "100"}, "missing_lines": [], "excluded_lines": []}, "": {"executed_lines": [1, 3, 4, 6, 7, 9, 10, 11, 17, 20, 21, 22, 34, 35, 36, 37, 38, 39, 40, 43, 44, 45, 54, 55, 56, 57, 60, 99, 102, 103, 104, 106, 116, 117, 122, 123, 124, 125, 127, 130, 131, 132, 133, 135, 136, 137, 138, 139, 144, 145, 146, 147, 148, 149, 150, 151, 152, 153, 156, 167, 170, 171, 174, 177, 180, 188, 196, 212, 214, 215, 216, 219, 222, 223, 234, 235, 236, 239, 241, 249, 251, 259, 262, 265, 266, 267, 268, 275, 278, 291, 292, 294, 295, 297, 298, 299, 300, 308, 320], "summary": {"covered_lines": 96, "num_statements": 109, "percent_covered": 88.07339449541284, "percent_covered_display": "88", "missing_lines": 13, "excluded_lines": 0, "percent_statements_covered": 88.07339449541284, "percent_statements_covered_display": "88"}, "missing_lines": [105, 107, 108, 113, 118, 119, 141, 175, 178, 260, 304, 305, 306], "excluded_lines": []}}}, "src/edm/analysis/structure_detector.py": {"executed_lines": [1, 3, 4, 5, 7, 8, 9, 11, 14, 15, 16, 28, 29, 30, 31, 32, 33, 34, 37, 38, 40, 44, 57, 58, 64, 73, 74, 75, 77, 79, 81, 82, 84, 85, 87, 89, 90, 95, 105, 108, 115, 117, 118, 125, 126, 129, 132, 134, 139, 145, 158, 160, 161, 162, 163, 165, 175, 183, 185, 198, 202, 205, 206, 207, 208, 209, 211, 212, 213, 217, 221, 222, 225, 226, 227, 230, 231, 232, 233, 236, 237, 238, 239, 240, 241, 242, 243, 244, 257, 259, 268, 271, 272, 278, 291, 292, 293, 295, 297, 299, 344, 392, 468, 477, 480, 482, 483, 484, 485, 487, 489, 496, 498, 501, 510, 511, 513, 514, 515, 517, 518, 520, 522, 523, 524, 525, 526, 528, 529], "summary": {"covered_lines": 124, "num_statements": 209, "percent_covered": 59.33014354066986, "percent_covered_display": "59", "missing_lines": 85, "excluded_lines": 5, "percent_statements_covered": 59.33014354066986, "percent_statements_covered_display": "59"}, "missing_lines": [91, 92, 93, 106, 141, 142, 143, 176, 199, 215, 218, 245, 246, 247, 248, 249, 250, 253, 254, 309, 312, 313, 314, 317, 318, 319, 322, 324, 327, 330, 333, 338, 340, 342, 359, 362, 365, 368, 371, 372, 375, 378, 381, 382, 383, 384, 387, 388, 390, 412, 414, 415, 416, 419, 420, 421, 423, 424, 426, 429, 430, 431, 432, 433, 434, 435, 436, 437, 438, 439, 440, 443, 444, 445, 446, 447, 449, 450, 452, 453, 455, 457, 466, 478, 516], "excluded_lines": [42, 43, 54, 55, 56], "functions": {"StructureDetector.is_available": {"executed_lines": [], "summary": {"covered_lines": 0, "num_statements": 0, "percent_covered": 100.0, "percent_covered_display": "100", "missing_lines": 0, "excluded_lines": 1, "percent_statements_covered": 100.0, "percent_statements_covered_display": "100"}, "missing_lines": [], "excluded_lines": [42]}, "StructureDetector.detect": {"executed_lines": [], "summary": {"covered_lines": 0, "num_statements": 0, "percent_covered": 100.0, "percent_covered_display": "100", "missing_lines": 0, "excluded_lines": 1, "percent_statements_covered": 100.0, "percent_statements_covered_display": "100"}, "missing_lines": [], "excluded_lines": [54]}, "MSAFDetector.__init__": {"executed_lines": [73, 74, 75], "summary": {"covered_lines": 3, "num_statements": 3, "percent_covered": 100.0, "percent_covered_display": "100", "missing_lines": 0, "excluded_lines": 0, "percent_statements_covered": 100.0, "percent_statements_covered_display": "100"}, "missing_lines": [], "excluded_lines": []}, "MSAFDetector.is_available": {"executed_lines": [79, 81, 82, 84, 85, 87, 89, 90], "summary": {"covered_lines": 8, "num_statements": 11, "percent_covered": 72.72727272727273, "percent_covered_display": "73", "missing_lines": 3, "excluded_lines": 0, "percent_statements_covered": 72.72727272727273, "percent_statements_covered_display": "73"}, "missing_lines": [91, 92, 93], "excluded_lines": []}, "MSAFDetector.detect": {"executed_lines": [105, 108, 115, 117, 118, 125, 126, 129, 132, 134, 139], "summary": {"covered_lines": 11, "num_statements": 15, "percent_covered": 73.33333333333333, "percent_covered_display": "73", "missing_lines": 4, "excluded_lines": 0, "percent_statements_covered": 73.33333333333333, "percent_statements_covered_display": "73"}, "missing_lines": [106, 141, 142, 143], "excluded_lines": []}, "MSAFDetector._boundaries_to_sections": {"executed_lines": [158, 160, 161, 162, 163, 165, 175, 183], "summary": {"covered_lines": 8, "num_statements": 9, "percent_covered": 88.88888888888889, "percent_covered_display": "89", "missing_lines": 1, "excluded_lines": 0, "percent_statements_covered": 88.88888888888889, "percent_statements_covered_display": "89"}, "missing_lines": [176], "excluded_lines": []}, "MSAFDetector._map_to_edm_labels": {"executed_lines": [198, 202, 205, 206, 207, 208, 209, 211, 212, 213, 217, 221, 222, 225, 226, 227, 230, 231, 232, 233, 236, 237, 238, 239, 240, 241, 242, 243, 244, 257, 259, 268], "summary": {"covered_lines": 32, "num_statements": 43, "percent_covered": 74.4186046511628, "percent_covered_display": "74", "missing_lines": 11, "excluded_lines": 0, "percent_statements_covered": 74.4186046511628, "percent_statements_covered_display": "74"}, "missing_lines": [199, 215, 218, 245, 246, 247, 248, 249, 250, 253, 254], "excluded_lines": []}, "EnergyDetector.__init__": {"executed_lines": [291, 292, 293], "summary": {"covered_lines": 3, "num_statements": 3, "percent_covered": 100.0, "percent_covered_display": "100", "missing_lines": 0, "excluded_lines": 0, "percent_statements_covered": 100.0, "percent_statements_covered_display": "100"}, "missing_lines": [], "excluded_lines": []}, "EnergyDetector.is_available": {"executed_lines": [297], "summary": {"covered_lines": 1, "num_statements": 1, "percent_covered": 100.0, "percent_covered_display": "100", "missing_lines": 0, "excluded_lines": 0, "percent_statements_covered": 100.0, "percent_statements_covered_display": "100"}, "missing_lines": [], "excluded_lines": []}, "EnergyDetector.detect": {"executed_lines": [], "summary": {"covered_lines": 0, "num_statements": 15, "percent_covered": 0.0, "percent_covered_display": "0", "missing_lines": 15, "excluded_lines": 0, "percent_statements_covered": 0.0, "percent_statements_covered_display": "0"}, "missing_lines": [309, 312, 313, 314, 317, 318, 319, 322, 324, 327, 330, 333, 338, 340, 342], "excluded_lines": []}, "EnergyDetector._detect_boundaries": {"executed_lines": [], "summary": {"covered_lines": 0, "num_statements": 15, "percent_covered": 0.0, "percent_covered_display": "0", "missing_lines": 15, "excluded_lines": 0, "percent_statements_covered": 0.0, "percent_statements_covered_display": "0"}, "missing_lines": [359, 362, 365, 368, 371, 372, 375, 378, 381, 382, 383, 384, 387, 388, 390], "excluded_lines": []}, "EnergyDetector._boundaries_to_sections": {"executed_lines": [], "summary": {"covered_lines": 0, "num_statements": 34, "percent_covered": 0.0, "percent_covered_display": "0", "missing_lines": 34, "excluded_lines": 0, "percent_statements_covered": 0.0, "percent_statements_covered_display": "0"}, "missing_lines": [412, 414, 415, 416, 419, 420, 421, 423, 424, 426, 429, 430, 431, 432, 433, 434, 435, 436, 437, 438, 439, 440, 443, 444, 445, 446, 447, 449, 450, 452, 453, 455, 457, 466], "excluded_lines": []}, "EnergyDetector._merge_short_sections": {"executed_lines": [477, 480, 482, 483, 484, 485, 487, 489, 496, 498], "summary": {"covered_lines": 10, "num_statements": 11, "percent_covered": 90.9090909090909, "percent_covered_display": "91", "missing_lines": 1, "excluded_lines": 0, "percent_statements_covered": 90.9090909090909, "percent_statements_covered_display": "91"}, "missing_lines": [478], "excluded_lines": []}, "get_detector": {"executed_lines": [510, 511, 513, 514, 515, 517, 518, 520, 522, 523, 524, 525, 526, 528, 529], "summary": {"covered_lines": 15, "num_statements": 16, "percent_covered": 93.75, "percent_covered_display": "94", "missing_lines": 1, "excluded_lines": 0, "percent_statements_covered": 93.75, "percent_statements_covered_display": "94"}, "missing_lines": [516], "excluded_lines": []}, "": {"executed_lines": [1, 3, 4, 5, 7, 8, 9, 11, 14, 15, 16, 28, 29, 30, 31, 32, 33, 34, 37, 38, 40, 44, 57, 58, 64, 77, 95, 145, 185, 271, 272, 278, 295, 299, 344, 392, 468, 501], "summary": {"covered_lines": 33, "num_statements": 33, "percent_covered": 100.0, "percent_covered_display": "100", "missing_lines": 0, "excluded_lines": 3, "percent_statements_covered": 100.0, "percent_statements_covered_display": "100"}, "missing_lines": [], "excluded_lines": [43, 55, 56]}}, "classes": {"DetectedSection": {"executed_lines": [], "summary": {"covered_lines": 0, "num_statements": 0, "percent_covered": 100.0, "percent_covered_display": "100", "missing_lines": 0, "excluded_lines": 0, "percent_statements_covered": 100.0, "percent_statements_covered_display": "100"}, "missing_lines": [], "excluded_lines": []}, "StructureDetector": {"executed_lines": [], "summary": {"covered_lines": 0, "num_statements": 0, "percent_covered": 100.0, "percent_covered_display": "100", "missing_lines": 0, "excluded_lines": 2, "percent_statements_covered": 100.0, "percent_statements_covered_display": "100"}, "missing_lines": [], "excluded_lines": [42, 54]}, "MSAFDetector": {"executed_lines": [73, 74, 75, 79, 81, 82, 84, 85, 87, 89, 90, 105, 108, 115, 117, 118, 125, 126, 129, 132, 134, 139, 158, 160, 161, 162, 163, 165, 175, 183, 198, 202, 205, 206, 207, 208, 209, 211, 212, 213, 217, 221, 222, 225, 226, 227, 230, 231, 232, 233, 236, 237, 238, 239, 240, 241, 242, 243, 244, 257, 259, 268], "summary": {"covered_lines": 62, "num_statements": 81, "percent_covered": 76.54320987654322, "percent_covered_display": "77", "missing_lines": 19, "excluded_lines": 0, "percent_statements_covered": 76.54320987654322, "percent_statements_covered_display": "77"}, "missing_lines": [91, 92, 93, 106, 141, 142, 143, 176, 199, 215, 218, 245, 246, 247, 248, 249, 250, 253, 254], "excluded_lines": []}, "EnergyDetector": {"executed_lines": [291, 292, 293, 297, 477, 480, 482, 483, 484, 485, 487, 489, 496, 498], "summary": {"covered_lines": 14, "num_statements": 79, "percent_covered": 17.72151898734177, "percent_covered_display": "18", "missing_lines": 65, "excluded_lines": 0, "percent_statements_covered": 17.72151898734177, "percent_statements_covered_display": "18"}, "missing_lines": [309, 312, 313, 314, 317, 318, 319, 322, 324, 327, 330, 333, 338, 340, 342, 359, 362, 365, 368, 371, 372, 375, 378, 381, 382, 383, 384, 387, 388, 390, 412, 414, 415, 416, 419, 420, 421, 423, 424, 426, 429, 430, 431, 432, 433, 434, 435, 436, 437, 438, 439, 440, 443, 444, 445, 446, 447, 449, 450, 452, 453, 455, 457, 466, 478], "excluded_lines": []}, "": {"executed_lines": [1, 3, 4, 5, 7, 8, 9, 11, 14, 15, 16, 28, 29, 30, 31, 32, 33, 34, 37, 38, 40, 44, 57, 58, 64, 77, 95, 145, 185, 271, 272, 278, 295, 299, 344, 392, 468, 501, 510, 511, 513, 514, 515, 517, 518, 520, 522, 523, 524, 525, 526, 528, 529], "summary": {"covered_lines": 48, "num_statements": 49, "percent_covered": 97.95918367346938, "percent_covered_display": "98", "missing_lines": 1, "excluded_lines": 3, "percent_statements_covered": 97.95918367346938, "percent_statements_covered_display": "98"}, "missing_lines": [516], "excluded_lines": [43, 55, 56]}}}, "src/edm/config.py": {"executed_lines": [1, 3, 5, 6, 8, 11, 12, 22, 23, 24, 25, 26, 29, 30, 39, 40, 41, 42, 47, 48, 51, 71, 72, 74, 80], "summary": {"covered_lines": 22, "num_statements": 23, "percent_covered": 95.65217391304348, "percent_covered_display": "96", "missing_lines": 1, "excluded_lines": 0, "percent_statements_covered": 95.65217391304348, "percent_statements_covered_display": "96"}, "missing_lines": [75], "excluded_lines": [], "functions": {"load_config": {"executed_lines": [71, 72, 74, 80], "summary": {"covered_lines": 4, "num_statements": 5, "percent_covered": 80.0, "percent_covered_display": "80", "missing_lines": 1, "excluded_lines": 0, "percent_statements_covered": 80.0, "percent_statements_covered_display": "80"}, "missing_lines": [75], "excluded_lines": []}, "": {"executed_lines": [1, 3, 5, 6, 8, 11, 12, 22, 23, 24, 25, 26, 29, 30, 39, 40, 41, 42, 47, 48, 51], "summary": {"covered_lines": 18, "num_statements": 18, "percent_covered": 100.0, "percent_covered_display": "100", "missing_lines": 0, "excluded_lines": 0, "percent_statements_covered": 100.0, "percent_statements_covered_display": "100"}, "missing_lines": [], "excluded_lines": []}}, "classes": {"AnalysisConfig": {"executed_lines": [], "summary": {"covered_lines": 0, "num_statements": 0, "percent_covered": 100.0, "percent_covered_display": "100", "missing_lines": 0, "excluded_lines": 0, "percent_statements_covered": 100.0, "percent_statements_covered_display": "100"}, "missing_lines": [], "excluded_lines": []}, "EDMConfig": {"executed_lines": [], "summary": {"covered_lines": 0, "num_statements": 0, "percent_covered": 100.0, "percent_covered_display": "100", "missing_lines": 0, "excluded_lines": 0, "percent_statements_covered": 100.0, "percent_statements_covered_display": "100"}, "missing_lines": [], "excluded_lines": []}, "EDMConfig.Config": {"executed_lines": [], "summary": {"covered_lines": 0, "num_statements": 0, "percent_covered": 100.0, "percent_covered_display": "100", "missing_lines": 0, "excluded_lines": 0, "percent_statements_covered": 100.0, "percent_statements_covered_display": "100"}, "missing_lines": [], "excluded_lines": []}, "": {"executed_lines": [1, 3, 5, 6, 8, 11, 12, 22, 23, 24, 25, 26, 29, 30, 39, 40, 41, 42, 47, 48, 51, 71, 72, 74, 80], "summary": {"covered_lines": 22, "num_statements": 23, "percent_covered": 95.65217391304348, "percent_covered_display": "96", "missing_lines": 1, "excluded_lines": 0, "percent_statements_covered": 95.65217391304348, "percent_statements_covered_display": "96"}, "missing_lines": [75], "excluded_lines": []}}}, "src/edm/evaluation/__init__.py": {"executed_lines": [1, 10, 11, 13], "summary": {"covered_lines": 3, "num_statements": 3, "percent_covered": 100.0, "percent_covered_display": "100", "missing_lines": 0, "excluded_lines": 0, "percent_statements_covered": 100.0, "percent_statements_covered_display": "100"}, "missing_lines": [], "excluded_lines": [], "functions": {"": {"executed_lines": [1, 10, 11, 13], "summary": {"covered_lines": 3, "num_statements": 3, "percent_covered": 100.0, "percent_covered_display": "100", "missing_lines": 0, "excluded_lines": 0, "percent_statements_covered": 100.0, "percent_statements_covered_display": "100"}, "missing_lines": [], "excluded_lines": []}}, "classes": {"": {"executed_lines": [1, 10, 11, 13], "summary": {"covered_lines": 3, "num_statements": 3, "percent_covered": 100.0, "percent_covered_display": "100", "missing_lines": 0, "excluded_lines": 0, "percent_statements_covered": 100.0, "percent_statements_covered_display": "100"}, "missing_lines": [], "excluded_lines": []}}}, "src/edm/evaluation/common.py": {"executed_lines": [1, 3, 4, 5, 6, 8, 10, 12, 15, 17, 20, 31, 32, 34, 35, 37, 45, 48, 50, 51, 54, 56, 57, 58, 61, 63, 64, 65, 67, 70, 80, 81, 83, 84, 87, 96, 97, 100, 108, 109, 110, 111, 112, 113, 114, 115, 116, 117, 118, 120, 122, 125, 136, 142, 145, 147, 148, 151, 157, 159, 160, 163, 169, 176, 178, 179, 181, 184, 191, 193, 194, 195, 197, 205, 206, 207, 209, 222, 223, 231, 232, 233, 238, 241, 242, 243, 244, 246, 247, 249, 252, 262, 263, 268, 269, 270, 271, 272, 273, 275, 276, 277, 279, 282, 288, 289, 290, 292, 293, 294, 297, 298, 302, 303, 304, 306, 307, 308, 310, 311, 312], "summary": {"covered_lines": 120, "num_statements": 130, "percent_covered": 92.3076923076923, "percent_covered_display": "92", "missing_lines": 10, "excluded_lines": 0, "percent_statements_covered": 92.3076923076923, "percent_statements_covered_display": "92"}, "missing_lines": [152, 153, 154, 164, 165, 166, 264, 265, 266, 299], "excluded_lines": [], "functions": {"sample_random": {"executed_lines": [31, 32, 34, 35, 37, 45], "summary": {"covered_lines": 6, "num_statements": 6, "percent_covered": 100.0, "percent_covered_display": "100", "missing_lines": 0, "excluded_lines": 0, "percent_statements_covered": 100.0, "percent_statements_covered_display": "100"}, "missing_lines": [], "excluded_lines": []}, "sample_full": {"executed_lines": [50, 51], "summary": {"covered_lines": 2, "num_statements": 2, "percent_covered": 100.0, "percent_covered_display": "100", "missing_lines": 0, "excluded_lines": 0, "percent_statements_covered": 100.0, "percent_statements_covered_display": "100"}, "missing_lines": [], "excluded_lines": []}, "calculate_mae": {"executed_lines": [56, 57, 58], "summary": {"covered_lines": 3, "num_statements": 3, "percent_covered": 100.0, "percent_covered_display": "100", "missing_lines": 0, "excluded_lines": 0, "percent_statements_covered": 100.0, "percent_statements_covered_display": "100"}, "missing_lines": [], "excluded_lines": []}, "calculate_rmse": {"executed_lines": [63, 64, 65, 67], "summary": {"covered_lines": 4, "num_statements": 4, "percent_covered": 100.0, "percent_covered_display": "100", "missing_lines": 0, "excluded_lines": 0, "percent_statements_covered": 100.0, "percent_statements_covered_display": "100"}, "missing_lines": [], "excluded_lines": []}, "calculate_accuracy_within_tolerance": {"executed_lines": [80, 81, 83, 84], "summary": {"covered_lines": 4, "num_statements": 4, "percent_covered": 100.0, "percent_covered_display": "100", "missing_lines": 0, "excluded_lines": 0, "percent_statements_covered": 100.0, "percent_statements_covered_display": "100"}, "missing_lines": [], "excluded_lines": []}, "calculate_error_distribution": {"executed_lines": [96, 97, 100, 108, 109, 110, 111, 112, 113, 114, 115, 116, 117, 118, 120, 122], "summary": {"covered_lines": 16, "num_statements": 16, "percent_covered": 100.0, "percent_covered_display": "100", "missing_lines": 0, "excluded_lines": 0, "percent_statements_covered": 100.0, "percent_statements_covered_display": "100"}, "missing_lines": [], "excluded_lines": []}, "identify_outliers": {"executed_lines": [136, 142], "summary": {"covered_lines": 2, "num_statements": 2, "percent_covered": 100.0, "percent_covered_display": "100", "missing_lines": 0, "excluded_lines": 0, "percent_statements_covered": 100.0, "percent_statements_covered_display": "100"}, "missing_lines": [], "excluded_lines": []}, "get_git_commit": {"executed_lines": [147, 148, 151], "summary": {"covered_lines": 3, "num_statements": 6, "percent_covered": 50.0, "percent_covered_display": "50", "missing_lines": 3, "excluded_lines": 0, "percent_statements_covered": 50.0, "percent_statements_covered_display": "50"}, "missing_lines": [152, 153, 154], "excluded_lines": []}, "get_git_branch": {"executed_lines": [159, 160, 163], "summary": {"covered_lines": 3, "num_statements": 6, "percent_covered": 50.0, "percent_covered_display": "50", "missing_lines": 3, "excluded_lines": 0, "percent_statements_covered": 50.0, "percent_statements_covered_display": "50"}, "missing_lines": [164, 165, 166], "excluded_lines": []}, "save_results_json": {"executed_lines": [176, 178, 179, 181], "summary": {"covered_lines": 4, "num_statements": 4, "percent_covered": 100.0, "percent_covered_display": "100", "missing_lines": 0, "excluded_lines": 0, "percent_statements_covered": 100.0, "percent_statements_covered_display": "100"}, "missing_lines": [], "excluded_lines": []}, "save_results_markdown": {"executed_lines": [191, 193, 194, 195, 197, 205, 206, 207, 209, 222, 223, 231, 232, 233, 238, 241, 242, 243, 244, 246, 247, 249], "summary": {"covered_lines": 22, "num_statements": 22, "percent_covered": 100.0, "percent_covered_display": "100", "missing_lines": 0, "excluded_lines": 0, "percent_statements_covered": 100.0, "percent_statements_covered_display": "100"}, "missing_lines": [], "excluded_lines": []}, "save_error_distribution_plot": {"executed_lines": [262, 263, 268, 269, 270, 271, 272, 273, 275, 276, 277, 279], "summary": {"covered_lines": 12, "num_statements": 15, "percent_covered": 80.0, "percent_covered_display": "80", "missing_lines": 3, "excluded_lines": 0, "percent_statements_covered": 80.0, "percent_statements_covered_display": "80"}, "missing_lines": [264, 265, 266], "excluded_lines": []}, "create_symlinks": {"executed_lines": [288, 289, 290, 292, 293, 294, 297, 298, 302, 303, 304, 306, 307, 308, 310, 311, 312], "summary": {"covered_lines": 17, "num_statements": 18, "percent_covered": 94.44444444444444, "percent_covered_display": "94", "missing_lines": 1, "excluded_lines": 0, "percent_statements_covered": 94.44444444444444, "percent_statements_covered_display": "94"}, "missing_lines": [299], "excluded_lines": []}, "": {"executed_lines": [1, 3, 4, 5, 6, 8, 10, 12, 15, 17, 20, 48, 54, 61, 70, 87, 125, 145, 157, 169, 184, 252, 282], "summary": {"covered_lines": 22, "num_statements": 22, "percent_covered": 100.0, "percent_covered_display": "100", "missing_lines": 0, "excluded_lines": 0, "percent_statements_covered": 100.0, "percent_statements_covered_display": "100"}, "missing_lines": [], "excluded_lines": []}}, "classes": {"": {"executed_lines": [1, 3, 4, 5, 6, 8, 10, 12, 15, 17, 20, 31, 32, 34, 35, 37, 45, 48, 50, 51, 54, 56, 57, 58, 61, 63, 64, 65, 67, 70, 80, 81, 83, 84, 87, 96, 97, 100, 108, 109, 110, 111, 112, 113, 114, 115, 116, 117, 118, 120, 122, 125, 136, 142, 145, 147, 148, 151, 157, 159, 160, 163, 169, 176, 178, 179, 181, 184, 191, 193, 194, 195, 197, 205, 206, 207, 209, 222, 223, 231, 232, 233, 238, 241, 242, 243, 244, 246, 247, 249, 252, 262, 263, 268, 269, 270, 271, 272, 273, 275, 276, 277, 279, 282, 288, 289, 290, 292, 293, 294, 297, 298, 302, 303, 304, 306, 307, 308, 310, 311, 312], "summary": {"covered_lines": 120, "num_statements": 130, "percent_covered": 92.3076923076923, "percent_covered_display": "92", "missing_lines": 10, "excluded_lines": 0, "percent_statements_covered": 92.3076923076923, "percent_statements_covered_display": "92"}, "missing_lines": [152, 153, 154, 164, 165, 166, 264, 265, 266, 299], "excluded_lines": []}}}, "src/edm/evaluation/evaluators/__init__.py": {"executed_lines": [1], "summary": {"covered_lines": 0, "num_statements": 0, "percent_covered": 100.0, "percent_covered_display": "100", "missing_lines": 0, "excluded_lines": 0, "percent_statements_covered": 100.0, "percent_statements_covered_display": "100"}, "missing_lines": [], "excluded_lines": [], "functions": {"": {"executed_lines": [1], "summary": {"covered_lines": 0, "num_statements": 0, "percent_covered": 100.0, "percent_covered_display": "100", "missing_lines": 0, "excluded_lines": 0, "percent_statements_covered": 100.0, "percent_statements_covered_display": "100"}, "missing_lines": [], "excluded_lines": []}}, "classes": {"": {"executed_lines": [1], "summary": {"covered_lines": 0, "num_statements": 0, "percent_covered": 100.0, "percent_covered_display": "100", "missing_lines": 0, "excluded_lines": 0, "percent_statements_covered": 100.0, "percent_statements_covered_display": "100"}, "missing_lines": [], "excluded_lines": []}}}, "src/edm/evaluation/evaluators/bpm.py": {"executed_lines": [1, 3, 4, 5, 6, 8, 10, 11, 27, 28, 30, 34, 43, 46, 47, 49, 51, 53, 54, 55, 57, 59, 69, 70, 72, 83, 92, 94, 95, 96, 97, 99, 105, 106, 108, 109, 117, 123, 126, 136, 138, 140, 141, 142, 143, 144, 150, 156, 157, 163, 164, 165, 166, 180, 183, 208, 219, 220, 221, 224, 225, 226, 228, 229, 232, 239, 240, 243, 245, 251, 259, 262, 263, 265, 268, 269, 272, 274, 277, 278, 279, 280, 281, 284, 285, 286, 288, 314, 317, 320, 321, 323, 324, 325, 328, 330, 335, 336, 337, 338, 339, 340, 341, 342, 343, 344, 345, 346, 347, 348, 349, 350, 351, 352, 353, 354, 356], "summary": {"covered_lines": 116, "num_statements": 123, "percent_covered": 94.3089430894309, "percent_covered_display": "94", "missing_lines": 7, "excluded_lines": 0, "percent_statements_covered": 94.3089430894309, "percent_statements_covered_display": "94"}, "missing_lines": [158, 159, 160, 174, 246, 275, 315], "excluded_lines": [], "functions": {"_evaluate_file_worker": {"executed_lines": [43, 46, 47, 49, 51, 53, 54, 55, 57, 59, 69, 70, 72], "summary": {"covered_lines": 13, "num_statements": 13, "percent_covered": 100.0, "percent_covered_display": "100", "missing_lines": 0, "excluded_lines": 0, "percent_statements_covered": 100.0, "percent_statements_covered_display": "100"}, "missing_lines": [], "excluded_lines": []}, "_evaluate_sequential": {"executed_lines": [92, 94, 95, 96, 97, 99, 105, 106, 108, 109, 117, 123], "summary": {"covered_lines": 12, "num_statements": 12, "percent_covered": 100.0, "percent_covered_display": "100", "missing_lines": 0, "excluded_lines": 0, "percent_statements_covered": 100.0, "percent_statements_covered_display": "100"}, "missing_lines": [], "excluded_lines": []}, "_evaluate_parallel": {"executed_lines": [136, 138, 140, 150, 156, 157, 163, 164, 165, 166, 180], "summary": {"covered_lines": 11, "num_statements": 15, "percent_covered": 73.33333333333333, "percent_covered_display": "73", "missing_lines": 4, "excluded_lines": 0, "percent_statements_covered": 73.33333333333333, "percent_statements_covered_display": "73"}, "missing_lines": [158, 159, 160, 174], "excluded_lines": []}, "_evaluate_parallel.progress_callback": {"executed_lines": [141, 142, 143, 144], "summary": {"covered_lines": 4, "num_statements": 4, "percent_covered": 100.0, "percent_covered_display": "100", "missing_lines": 0, "excluded_lines": 0, "percent_statements_covered": 100.0, "percent_statements_covered_display": "100"}, "missing_lines": [], "excluded_lines": []}, "evaluate_bpm": {"executed_lines": [208, 219, 220, 221, 224, 225, 226, 228, 229, 232, 239, 240, 243, 245, 251, 259, 262, 263, 265, 268, 269, 272, 274, 277, 278, 279, 280, 281, 284, 285, 286, 288, 314, 317, 320, 321, 323, 324, 325, 328, 330, 335, 336, 337, 338, 339, 340, 341, 342, 343, 344, 345, 346, 347, 348, 349, 350, 351, 352, 353, 354, 356], "summary": {"covered_lines": 62, "num_statements": 65, "percent_covered": 95.38461538461539, "percent_covered_display": "95", "missing_lines": 3, "excluded_lines": 0, "percent_statements_covered": 95.38461538461539, "percent_statements_covered_display": "95"}, "missing_lines": [246, 275, 315], "excluded_lines": []}, "": {"executed_lines": [1, 3, 4, 5, 6, 8, 10, 11, 27, 28, 30, 34, 83, 126, 183], "summary": {"covered_lines": 14, "num_statements": 14, "percent_covered": 100.0, "percent_covered_display": "100", "missing_lines": 0, "excluded_lines": 0, "percent_statements_covered": 100.0, "percent_statements_covered_display": "100"}, "missing_lines": [], "excluded_lines": []}}, "classes": {"": {"executed_lines": [1, 3, 4, 5, 6, 8, 10, 11, 27, 28, 30, 34, 43, 46, 47, 49, 51, 53, 54, 55, 57, 59, 69, 70, 72, 83, 92, 94, 95, 96, 97, 99, 105, 106, 108, 109, 117, 123, 126, 136, 138, 140, 141, 142, 143, 144, 150, 156, 157, 163, 164, 165, 166, 180, 183, 208, 219, 220, 221, 224, 225, 226, 228, 229, 232, 239, 240, 243, 245, 251, 259, 262, 263, 265, 268, 269, 272, 274, 277, 278, 279, 280, 281, 284, 285, 286, 288, 314, 317, 320, 321, 323, 324, 325, 328, 330, 335, 336, 337, 338, 339, 340, 341, 342, 343, 344, 345, 346, 347, 348, 349, 350, 351, 352, 353, 354, 356], "summary": {"covered_lines": 116, "num_statements": 123, "percent_covered": 94.3089430894309, "percent_covered_display": "94", "missing_lines": 7, "excluded_lines": 0, "percent_statements_covered": 94.3089430894309, "percent_statements_covered_display": "94"}, "missing_lines": [158, 159, 160, 174, 246, 275, 315], "excluded_lines": []}}}, "src/edm/evaluation/evaluators/structure.py": {"executed_lines": [1, 3, 4, 5, 6, 7, 9, 11, 12, 13, 23, 26, 54, 56, 57, 58, 60, 61, 65, 66, 69, 70, 71, 73, 89, 91, 92, 101, 107, 108, 109, 112, 113, 115, 117, 120, 178, 191, 192, 202, 203, 204, 205, 206, 207, 209, 210, 211, 212, 213, 214, 217, 218, 220, 221, 222, 223, 224, 225, 228, 229, 230, 232, 237, 242, 249, 250, 252, 254, 255, 257, 258, 259, 260, 261, 263, 264, 265, 266, 268, 271, 272, 274, 275, 276, 277, 278, 279, 281, 282, 284, 294, 304, 305, 307, 308, 310, 311, 312, 315, 316, 319, 524], "summary": {"covered_lines": 102, "num_statements": 207, "percent_covered": 49.27536231884058, "percent_covered_display": "49", "missing_lines": 105, "excluded_lines": 1, "percent_statements_covered": 49.27536231884058, "percent_statements_covered_display": "49"}, "missing_lines": [62, 63, 75, 76, 77, 78, 80, 81, 88, 94, 99, 129, 131, 132, 134, 136, 137, 138, 141, 147, 149, 160, 161, 163, 344, 355, 356, 357, 360, 361, 362, 365, 366, 367, 369, 370, 373, 375, 376, 381, 389, 390, 391, 397, 398, 399, 401, 402, 409, 416, 417, 420, 422, 423, 425, 428, 431, 432, 435, 438, 441, 442, 443, 445, 473, 474, 476, 478, 479, 481, 482, 484, 486, 496, 497, 498, 499, 500, 501, 502, 503, 504, 505, 506, 507, 508, 509, 510, 511, 512, 513, 514, 515, 516, 517, 518, 519, 521, 531, 532, 534, 563, 565, 566, 568], "excluded_lines": [27], "functions": {"load_structure_reference": {"executed_lines": [54, 56, 57, 58, 60, 61, 65, 66, 69, 70, 71, 73, 89, 91, 92, 101, 107, 108, 109, 112, 113, 115, 117], "summary": {"covered_lines": 23, "num_statements": 34, "percent_covered": 67.6470588235294, "percent_covered_display": "68", "missing_lines": 11, "excluded_lines": 1, "percent_statements_covered": 67.6470588235294, "percent_statements_covered_display": "68"}, "missing_lines": [62, 63, 75, 76, 77, 78, 80, 81, 88, 94, 99], "excluded_lines": [27]}, "_evaluate_file_worker": {"executed_lines": [], "summary": {"covered_lines": 0, "num_statements": 13, "percent_covered": 0.0, "percent_covered_display": "0", "missing_lines": 13, "excluded_lines": 0, "percent_statements_covered": 0.0, "percent_statements_covered_display": "0"}, "missing_lines": [129, 131, 132, 134, 136, 137, 138, 141, 147, 149, 160, 161, 163], "excluded_lines": []}, "_calculate_structure_metrics": {"executed_lines": [191, 192, 202, 203, 204, 205, 206, 207, 209, 210, 211, 212, 213, 214, 217, 218, 220, 221, 222, 223, 224, 225, 228, 229, 230, 232, 237, 242, 249, 250, 252, 254, 255, 257, 258, 259, 260, 261, 263, 264, 265, 266, 268, 271, 272, 274, 275, 276, 277, 278, 279, 281, 282, 284], "summary": {"covered_lines": 54, "num_statements": 54, "percent_covered": 100.0, "percent_covered_display": "100", "missing_lines": 0, "excluded_lines": 0, "percent_statements_covered": 100.0, "percent_statements_covered_display": "100"}, "missing_lines": [], "excluded_lines": []}, "_calculate_overlap": {"executed_lines": [304, 305, 307, 308, 310, 311, 312, 315, 316], "summary": {"covered_lines": 9, "num_statements": 9, "percent_covered": 100.0, "percent_covered_display": "100", "missing_lines": 0, "excluded_lines": 0, "percent_statements_covered": 100.0, "percent_statements_covered_display": "100"}, "missing_lines": [], "excluded_lines": []}, "evaluate_structure": {"executed_lines": [], "summary": {"covered_lines": 0, "num_statements": 74, "percent_covered": 0.0, "percent_covered_display": "0", "missing_lines": 74, "excluded_lines": 0, "percent_statements_covered": 0.0, "percent_statements_covered_display": "0"}, "missing_lines": [344, 355, 356, 357, 360, 361, 362, 365, 366, 367, 369, 370, 373, 375, 376, 381, 389, 390, 391, 397, 398, 399, 401, 402, 409, 416, 417, 420, 422, 423, 425, 428, 431, 432, 435, 438, 441, 442, 443, 445, 473, 474, 476, 478, 479, 481, 482, 484, 486, 496, 497, 498, 499, 500, 501, 502, 503, 504, 505, 506, 507, 508, 509, 510, 511, 512, 513, 514, 515, 516, 517, 518, 519, 521], "excluded_lines": []}, "_save_structure_markdown": {"executed_lines": [], "summary": {"covered_lines": 0, "num_statements": 7, "percent_covered": 0.0, "percent_covered_display": "0", "missing_lines": 7, "excluded_lines": 0, "percent_statements_covered": 0.0, "percent_statements_covered_display": "0"}, "missing_lines": [531, 532, 534, 563, 565, 566, 568], "excluded_lines": []}, "": {"executed_lines": [1, 3, 4, 5, 6, 7, 9, 11, 12, 13, 23, 26, 120, 178, 294, 319, 524], "summary": {"covered_lines": 16, "num_statements": 16, "percent_covered": 100.0, "percent_covered_display": "100", "missing_lines": 0, "excluded_lines": 0, "percent_statements_covered": 100.0, "percent_statements_covered_display": "100"}, "missing_lines": [], "excluded_lines": []}}, "classes": {"": {"executed_lines": [1, 3, 4, 5, 6, 7, 9, 11, 12, 13, 23, 26, 54, 56, 57, 58, 60, 61, 65, 66, 69, 70, 71, 73, 89, 91, 92, 101, 107, 108, 109, 112, 113, 115, 117, 120, 178, 191, 192, 202, 203, 204, 205, 206, 207, 209, 210, 211, 212, 213, 214, 217, 218, 220, 221, 222, 223, 224, 225, 228, 229, 230, 232, 237, 242, 249, 250, 252, 254, 255, 257, 258, 259, 260, 261, 263, 264, 265, 266, 268, 271, 272, 274, 275, 276, 277, 278, 279, 281, 282, 284, 294, 304, 305, 307, 308, 310, 311, 312, 315, 316, 319, 524], "summary": {"covered_lines": 102, "num_statements": 207, "percent_covered": 49.27536231884058, "percent_covered_display": "49", "missing_lines": 105, "excluded_lines": 1, "percent_statements_covered": 49.27536231884058, "percent_statements_covered_display": "49"}, "missing_lines": [62, 63, 75, 76, 77, 78, 80, 81, 88, 94, 99, 129, 131, 132, 134, 136, 137, 138, 141, 147, 149, 160, 161, 163, 344, 355, 356, 357, 360, 361, 362, 365, 366, 367, 369, 370, 373, 375, 376, 381, 389, 390, 391, 397, 398, 399, 401, 402, 409, 416, 417, 420, 422, 423, 425, 428, 431, 432, 435, 438, 441, 442, 443, 445, 473, 474, 476, 478, 479, 481, 482, 484, 486, 496, 497, 498, 499, 500, 501, 502, 503, 504, 505, 506, 507, 508, 509, 510, 511, 512, 513, 514, 515, 516, 517, 518, 519, 521, 531, 532, 534, 563, 565, 566, 568], "excluded_lines": [27]}}}, "src/edm/evaluation/reference.py": {"executed_lines": [1, 3, 4, 5, 6, 8, 10, 12, 15, 32, 39, 40, 41, 48, 49, 52, 53, 54, 55, 57, 62, 77, 79, 80, 82, 85, 86, 88, 91, 92, 93, 94, 100, 104, 107, 123, 125, 126, 128, 129, 131, 132, 136, 140, 141, 143, 147, 150, 160, 162, 163, 165, 167, 168, 169, 171, 173, 174, 180, 189, 191], "summary": {"covered_lines": 60, "num_statements": 75, "percent_covered": 80.0, "percent_covered_display": "80", "missing_lines": 15, "excluded_lines": 0, "percent_statements_covered": 80.0, "percent_statements_covered_display": "80"}, "missing_lines": [45, 50, 83, 89, 95, 96, 133, 134, 137, 138, 175, 176, 178, 184, 185], "excluded_lines": [], "functions": {"load_reference_auto": {"executed_lines": [32, 39, 40, 41, 48, 49, 52, 53, 54, 55, 57], "summary": {"covered_lines": 11, "num_statements": 13, "percent_covered": 84.61538461538461, "percent_covered_display": "85", "missing_lines": 2, "excluded_lines": 0, "percent_statements_covered": 84.61538461538461, "percent_statements_covered_display": "85"}, "missing_lines": [45, 50], "excluded_lines": []}, "load_reference_csv": {"executed_lines": [77, 79, 80, 82, 85, 86, 88, 91, 92, 93, 94, 100, 104], "summary": {"covered_lines": 13, "num_statements": 17, "percent_covered": 76.47058823529412, "percent_covered_display": "76", "missing_lines": 4, "excluded_lines": 0, "percent_statements_covered": 76.47058823529412, "percent_statements_covered_display": "76"}, "missing_lines": [83, 89, 95, 96], "excluded_lines": []}, "load_reference_json": {"executed_lines": [123, 125, 126, 128, 129, 131, 132, 136, 140, 141, 143, 147], "summary": {"covered_lines": 12, "num_statements": 16, "percent_covered": 75.0, "percent_covered_display": "75", "missing_lines": 4, "excluded_lines": 0, "percent_statements_covered": 75.0, "percent_statements_covered_display": "75"}, "missing_lines": [133, 134, 137, 138], "excluded_lines": []}, "load_metadata_reference": {"executed_lines": [160, 162, 163, 165, 167, 168, 169, 171, 173, 174, 180, 189, 191], "summary": {"covered_lines": 13, "num_statements": 18, "percent_covered": 72.22222222222223, "percent_covered_display": "72", "missing_lines": 5, "excluded_lines": 0, "percent_statements_covered": 72.22222222222223, "percent_statements_covered_display": "72"}, "missing_lines": [175, 176, 178, 184, 185], "excluded_lines": []}, "": {"executed_lines": [1, 3, 4, 5, 6, 8, 10, 12, 15, 62, 107, 150], "summary": {"covered_lines": 11, "num_statements": 11, "percent_covered": 100.0, "percent_covered_display": "100", "missing_lines": 0, "excluded_lines": 0, "percent_statements_covered": 100.0, "percent_statements_covered_display": "100"}, "missing_lines": [], "excluded_lines": []}}, "classes": {"": {"executed_lines": [1, 3, 4, 5, 6, 8, 10, 12, 15, 32, 39, 40, 41, 48, 49, 52, 53, 54, 55, 57, 62, 77, 79, 80, 82, 85, 86, 88, 91, 92, 93, 94, 100, 104, 107, 123, 125, 126, 128, 129, 131, 132, 136, 140, 141, 143, 147, 150, 160, 162, 163, 165, 167, 168, 169, 171, 173, 174, 180, 189, 191], "summary": {"covered_lines": 60, "num_statements": 75, "percent_covered": 80.0, "percent_covered_display": "80", "missing_lines": 15, "excluded_lines": 0, "percent_statements_covered": 80.0, "percent_statements_covered_display": "80"}, "missing_lines": [45, 50, 83, 89, 95, 96, 133, 134, 137, 138, 175, 176, 178, 184, 185], "excluded_lines": []}}}, "src/edm/exceptions.py": {"executed_lines": [1, 4, 5, 7, 10, 11, 13, 16, 17, 19, 22, 23, 25], "summary": {"covered_lines": 8, "num_statements": 8, "percent_covered": 100.0, "percent_covered_display": "100", "missing_lines": 0, "excluded_lines": 0, "percent_statements_covered": 100.0, "percent_statements_covered_display": "100"}, "missing_lines": [], "excluded_lines": [], "functions": {"": {"executed_lines": [1, 4, 5, 7, 10, 11, 13, 16, 17, 19, 22, 23, 25], "summary": {"covered_lines": 8, "num_statements": 8, "percent_covered": 100.0, "percent_covered_display": "100", "missing_lines": 0, "excluded_lines": 0, "percent_statements_covered": 100.0, "percent_statements_covered_display": "100"}, "missing_lines": [], "excluded_lines": []}}, "classes": {"EDMError": {"executed_lines": [], "summary": {"covered_lines": 0, "num_statements": 0, "percent_covered": 100.0, "percent_covered_display": "100", "missing_lines": 0, "excluded_lines": 0, "percent_statements_covered": 100.0, "percent_statements_covered_display": "100"}, "missing_lines": [], "excluded_lines": []}, "AudioFileError": {"executed_lines": [], "summary": {"covered_lines": 0, "num_statements": 0, "percent_covered": 100.0, "percent_covered_display": "100", "missing_lines": 0, "excluded_lines": 0, "percent_statements_covered": 100.0, "percent_statements_covered_display": "100"}, "missing_lines": [], "excluded_lines": []}, "AnalysisError": {"executed_lines": [], "summary": {"covered_lines": 0, "num_statements": 0, "percent_covered": 100.0, "percent_covered_display": "100", "missing_lines": 0, "excluded_lines": 0, "percent_statements_covered": 100.0, "percent_statements_covered_display": "100"}, "missing_lines": [], "excluded_lines": []}, "ModelNotFoundError": {"executed_lines": [], "summary": {"covered_lines": 0, "num_statements": 0, "percent_covered": 100.0, "percent_covered_display": "100", "missing_lines": 0, "excluded_lines": 0, "percent_statements_covered": 100.0, "percent_statements_covered_display": "100"}, "missing_lines": [], "excluded_lines": []}, "": {"executed_lines": [1, 4, 5, 7, 10, 11, 13, 16, 17, 19, 22, 23, 25], "summary": {"covered_lines": 8, "num_statements": 8, "percent_covered": 100.0, "percent_covered_display": "100", "missing_lines": 0, "excluded_lines": 0, "percent_statements_covered": 100.0, "percent_statements_covered_display": "100"}, "missing_lines": [], "excluded_lines": []}}}, "src/edm/features/__init__.py": {"executed_lines": [], "summary": {"covered_lines": 0, "num_statements": 0, "percent_covered": 100.0, "percent_covered_display": "100", "missing_lines": 0, "excluded_lines": 0, "percent_statements_covered": 100.0, "percent_statements_covered_display": "100"}, "missing_lines": [], "excluded_lines": [], "functions": {"": {"executed_lines": [], "summary": {"covered_lines": 0, "num_statements": 0, "percent_covered": 100.0, "percent_covered_display": "100", "missing_lines": 0, "excluded_lines": 0, "percent_statements_covered": 100.0, "percent_statements_covered_display": "100"}, "missing_lines": [], "excluded_lines": []}}, "classes": {"": {"executed_lines": [], "summary": {"covered_lines": 0, "num_statements": 0, "percent_covered": 100.0, "percent_covered_display": "100", "missing_lines": 0, "excluded_lines": 0, "percent_statements_covered": 100.0, "percent_statements_covered_display": "100"}, "missing_lines": [], "excluded_lines": []}}}, "src/edm/io/__init__.py": {"executed_lines": [1, 3, 4, 6], "summary": {"covered_lines": 3, "num_statements": 3, "percent_covered": 100.0, "percent_covered_display": "100", "missing_lines": 0, "excluded_lines": 0, "percent_statements_covered": 100.0, "percent_statements_covered_display": "100"}, "missing_lines": [], "excluded_lines": [], "functions": {"": {"executed_lines": [1, 3, 4, 6], "summary": {"covered_lines": 3, "num_statements": 3, "percent_covered": 100.0, "percent_covered_display": "100", "missing_lines": 0, "excluded_lines": 0, "percent_statements_covered": 100.0, "percent_statements_covered_display": "100"}, "missing_lines": [], "excluded_lines": []}}, "classes": {"": {"executed_lines": [1, 3, 4, 6], "summary": {"covered_lines": 3, "num_statements": 3, "percent_covered": 100.0, "percent_covered_display": "100", "missing_lines": 0, "excluded_lines": 0, "percent_statements_covered": 100.0, "percent_statements_covered_display": "100"}, "missing_lines": [], "excluded_lines": []}}}, "src/edm/io/audio.py": {"executed_lines": [1, 3, 4, 6, 7, 8, 10, 13, 16, 17, 26, 32, 33, 34, 35, 37, 47, 48, 50, 51, 53, 54, 55, 56, 58, 59, 61, 69, 70, 72, 75, 76, 77, 79, 80, 81, 83, 85, 86, 87, 89, 95, 96, 97, 105, 107, 111, 114, 124, 126, 129, 136, 139, 142, 143, 146, 164, 165, 168, 169, 170, 173, 174, 175, 176, 179, 181, 183, 184, 185, 187], "summary": {"covered_lines": 69, "num_statements": 70, "percent_covered": 98.57142857142857, "percent_covered_display": "99", "missing_lines": 1, "excluded_lines": 0, "percent_statements_covered": 98.57142857142857, "percent_statements_covered_display": "99"}, "missing_lines": [125], "excluded_lines": [], "functions": {"AudioCache.__init__": {"executed_lines": [32, 33, 34, 35], "summary": {"covered_lines": 4, "num_statements": 4, "percent_covered": 100.0, "percent_covered_display": "100", "missing_lines": 0, "excluded_lines": 0, "percent_statements_covered": 100.0, "percent_statements_covered_display": "100"}, "missing_lines": [], "excluded_lines": []}, "AudioCache.get": {"executed_lines": [47, 48, 50, 51, 53, 54, 55, 56, 58, 59], "summary": {"covered_lines": 10, "num_statements": 10, "percent_covered": 100.0, "percent_covered_display": "100", "missing_lines": 0, "excluded_lines": 0, "percent_statements_covered": 100.0, "percent_statements_covered_display": "100"}, "missing_lines": [], "excluded_lines": []}, "AudioCache.put": {"executed_lines": [69, 70, 72, 75, 76, 77, 79, 80, 81], "summary": {"covered_lines": 9, "num_statements": 9, "percent_covered": 100.0, "percent_covered_display": "100", "missing_lines": 0, "excluded_lines": 0, "percent_statements_covered": 100.0, "percent_statements_covered_display": "100"}, "missing_lines": [], "excluded_lines": []}, "AudioCache.clear": {"executed_lines": [85, 86, 87], "summary": {"covered_lines": 3, "num_statements": 3, "percent_covered": 100.0, "percent_covered_display": "100", "missing_lines": 0, "excluded_lines": 0, "percent_statements_covered": 100.0, "percent_statements_covered_display": "100"}, "missing_lines": [], "excluded_lines": []}, "AudioCache.stats": {"executed_lines": [95, 96, 97], "summary": {"covered_lines": 3, "num_statements": 3, "percent_covered": 100.0, "percent_covered_display": "100", "missing_lines": 0, "excluded_lines": 0, "percent_statements_covered": 100.0, "percent_statements_covered_display": "100"}, "missing_lines": [], "excluded_lines": []}, "AudioCache._make_key": {"executed_lines": [107], "summary": {"covered_lines": 1, "num_statements": 1, "percent_covered": 100.0, "percent_covered_display": "100", "missing_lines": 0, "excluded_lines": 0, "percent_statements_covered": 100.0, "percent_statements_covered_display": "100"}, "missing_lines": [], "excluded_lines": []}, "get_audio_cache": {"executed_lines": [124, 126], "summary": {"covered_lines": 2, "num_statements": 3, "percent_covered": 66.66666666666667, "percent_covered_display": "67", "missing_lines": 1, "excluded_lines": 0, "percent_statements_covered": 66.66666666666667, "percent_statements_covered_display": "67"}, "missing_lines": [125], "excluded_lines": []}, "set_cache_size": {"executed_lines": [136], "summary": {"covered_lines": 1, "num_statements": 1, "percent_covered": 100.0, "percent_covered_display": "100", "missing_lines": 0, "excluded_lines": 0, "percent_statements_covered": 100.0, "percent_statements_covered_display": "100"}, "missing_lines": [], "excluded_lines": []}, "clear_audio_cache": {"executed_lines": [142, 143], "summary": {"covered_lines": 2, "num_statements": 2, "percent_covered": 100.0, "percent_covered_display": "100", "missing_lines": 0, "excluded_lines": 0, "percent_statements_covered": 100.0, "percent_statements_covered_display": "100"}, "missing_lines": [], "excluded_lines": []}, "load_audio": {"executed_lines": [164, 165, 168, 169, 170, 173, 174, 175, 176, 179, 181, 183, 184, 185, 187], "summary": {"covered_lines": 15, "num_statements": 15, "percent_covered": 100.0, "percent_covered_display": "100", "missing_lines": 0, "excluded_lines": 0, "percent_statements_covered": 100.0, "percent_statements_covered_display": "100"}, "missing_lines": [], "excluded_lines": []}, "": {"executed_lines": [1, 3, 4, 6, 7, 8, 10, 13, 16, 17, 26, 37, 61, 83, 89, 105, 111, 114, 129, 139, 146], "summary": {"covered_lines": 19, "num_statements": 19, "percent_covered": 100.0, "percent_covered_display": "100", "missing_lines": 0, "excluded_lines": 0, "percent_statements_covered": 100.0, "percent_statements_covered_display": "100"}, "missing_lines": [], "excluded_lines": []}}, "classes": {"AudioCache": {"executed_lines": [32, 33, 34, 35, 47, 48, 50, 51, 53, 54, 55, 56, 58, 59, 69, 70, 72, 75, 76, 77, 79, 80, 81, 85, 86, 87, 95, 96, 97, 107], "summary": {"covered_lines": 30, "num_statements": 30, "percent_covered": 100.0, "percent_covered_display": "100", "missing_lines": 0, "excluded_lines": 0, "percent_statements_covered": 100.0, "percent_statements_covered_display": "100"}, "missing_lines": [], "excluded_lines": []}, "": {"executed_lines": [1, 3, 4, 6, 7, 8, 10, 13, 16, 17, 26, 37, 61, 83, 89, 105, 111, 114, 124, 126, 129, 136, 139, 142, 143, 146, 164, 165, 168, 169, 170, 173, 174, 175, 176, 179, 181, 183, 184, 185, 187], "summary": {"covered_lines": 39, "num_statements": 40, "percent_covered": 97.5, "percent_covered_display": "98", "missing_lines": 1, "excluded_lines": 0, "percent_statements_covered": 97.5, "percent_statements_covered_display": "98"}, "missing_lines": [125], "excluded_lines": []}}}, "src/edm/io/files.py": {"executed_lines": [1, 3, 5, 7, 10, 13, 44, 45, 47, 49, 50, 51, 53, 54, 55, 62, 63, 64, 66, 67, 70, 72, 79], "summary": {"covered_lines": 22, "num_statements": 23, "percent_covered": 95.65217391304348, "percent_covered_display": "96", "missing_lines": 1, "excluded_lines": 0, "percent_statements_covered": 95.65217391304348, "percent_statements_covered_display": "96"}, "missing_lines": [57], "excluded_lines": [], "functions": {"discover_audio_files": {"executed_lines": [44, 45, 47, 49, 50, 51, 53, 54, 55, 62, 63, 64, 66, 67, 70, 72, 79], "summary": {"covered_lines": 17, "num_statements": 18, "percent_covered": 94.44444444444444, "percent_covered_display": "94", "missing_lines": 1, "excluded_lines": 0, "percent_statements_covered": 94.44444444444444, "percent_statements_covered_display": "94"}, "missing_lines": [57], "excluded_lines": []}, "": {"executed_lines": [1, 3, 5, 7, 10, 13], "summary": {"covered_lines": 5, "num_statements": 5, "percent_covered": 100.0, "percent_covered_display": "100", "missing_lines": 0, "excluded_lines": 0, "percent_statements_covered": 100.0, "percent_statements_covered_display": "100"}, "missing_lines": [], "excluded_lines": []}}, "classes": {"": {"executed_lines": [1, 3, 5, 7, 10, 13, 44, 45, 47, 49, 50, 51, 53, 54, 55, 62, 63, 64, 66, 67, 70, 72, 79], "summary": {"covered_lines": 22, "num_statements": 23, "percent_covered": 95.65217391304348, "percent_covered_display": "96", "missing_lines": 1, "excluded_lines": 0, "percent_statements_covered": 95.65217391304348, "percent_statements_covered_display": "96"}, "missing_lines": [57], "excluded_lines": []}}}, "src/edm/io/metadata.py": {"executed_lines": [1, 3, 4, 6, 7, 9, 12, 33, 35, 36, 38, 40, 41, 42, 45, 56, 57, 66, 68, 70, 71, 73, 74, 75, 80, 83, 85, 87, 88, 90, 91, 92, 97, 100, 102, 104, 105, 107, 108, 109, 114, 117, 129, 131, 132, 134, 135, 136, 137, 140, 141, 142, 143, 144, 146, 153, 160, 161, 162, 163, 165, 170], "summary": {"covered_lines": 61, "num_statements": 85, "percent_covered": 71.76470588235294, "percent_covered_display": "72", "missing_lines": 24, "excluded_lines": 0, "percent_statements_covered": 71.76470588235294, "percent_statements_covered_display": "72"}, "missing_lines": [43, 59, 60, 61, 63, 77, 78, 79, 94, 95, 96, 111, 112, 113, 147, 148, 149, 150, 154, 155, 156, 157, 167, 168], "excluded_lines": [], "functions": {"read_metadata": {"executed_lines": [33, 35, 36, 38, 40, 41, 42, 45, 56, 57], "summary": {"covered_lines": 10, "num_statements": 15, "percent_covered": 66.66666666666667, "percent_covered_display": "67", "missing_lines": 5, "excluded_lines": 0, "percent_statements_covered": 66.66666666666667, "percent_statements_covered_display": "67"}, "missing_lines": [43, 59, 60, 61, 63], "excluded_lines": []}, "_get_artist": {"executed_lines": [68, 70, 71, 73, 74, 75, 80], "summary": {"covered_lines": 7, "num_statements": 10, "percent_covered": 70.0, "percent_covered_display": "70", "missing_lines": 3, "excluded_lines": 0, "percent_statements_covered": 70.0, "percent_statements_covered_display": "70"}, "missing_lines": [77, 78, 79], "excluded_lines": []}, "_get_title": {"executed_lines": [85, 87, 88, 90, 91, 92, 97], "summary": {"covered_lines": 7, "num_statements": 10, "percent_covered": 70.0, "percent_covered_display": "70", "missing_lines": 3, "excluded_lines": 0, "percent_statements_covered": 70.0, "percent_statements_covered_display": "70"}, "missing_lines": [94, 95, 96], "excluded_lines": []}, "_get_album": {"executed_lines": [102, 104, 105, 107, 108, 109, 114], "summary": {"covered_lines": 7, "num_statements": 10, "percent_covered": 70.0, "percent_covered_display": "70", "missing_lines": 3, "excluded_lines": 0, "percent_statements_covered": 70.0, "percent_statements_covered_display": "70"}, "missing_lines": [111, 112, 113], "excluded_lines": []}, "_get_bpm": {"executed_lines": [129, 131, 132, 134, 135, 136, 137, 140, 141, 142, 143, 144, 146, 153, 160, 161, 162, 163, 165, 170], "summary": {"covered_lines": 20, "num_statements": 30, "percent_covered": 66.66666666666667, "percent_covered_display": "67", "missing_lines": 10, "excluded_lines": 0, "percent_statements_covered": 66.66666666666667, "percent_statements_covered_display": "67"}, "missing_lines": [147, 148, 149, 150, 154, 155, 156, 157, 167, 168], "excluded_lines": []}, "": {"executed_lines": [1, 3, 4, 6, 7, 9, 12, 66, 83, 100, 117], "summary": {"covered_lines": 10, "num_statements": 10, "percent_covered": 100.0, "percent_covered_display": "100", "missing_lines": 0, "excluded_lines": 0, "percent_statements_covered": 100.0, "percent_statements_covered_display": "100"}, "missing_lines": [], "excluded_lines": []}}, "classes": {"": {"executed_lines": [1, 3, 4, 6, 7, 9, 12, 33, 35, 36, 38, 40, 41, 42, 45, 56, 57, 66, 68, 70, 71, 73, 74, 75, 80, 83, 85, 87, 88, 90, 91, 92, 97, 100, 102, 104, 105, 107, 108, 109, 114, 117, 129, 131, 132, 134, 135, 136, 137, 140, 141, 142, 143, 144, 146, 153, 160, 161, 162, 163, 165, 170], "summary": {"covered_lines": 61, "num_statements": 85, "percent_covered": 71.76470588235294, "percent_covered_display": "72", "missing_lines": 24, "excluded_lines": 0, "percent_statements_covered": 71.76470588235294, "percent_statements_covered_display": "72"}, "missing_lines": [43, 59, 60, 61, 63, 77, 78, 79, 94, 95, 96, 111, 112, 113, 147, 148, 149, 150, 154, 155, 156, 157, 167, 168], "excluded_lines": []}}}, "src/edm/logging.py": {"executed_lines": [1, 3, 4, 5, 7, 8, 11, 13, 14, 15, 16, 17, 18, 19, 20, 21, 22, 23, 26, 46, 49, 57, 60, 71, 74, 77, 87, 88, 90, 93, 102, 152], "summary": {"covered_lines": 31, "num_statements": 57, "percent_covered": 54.3859649122807, "percent_covered_display": "54", "missing_lines": 26, "excluded_lines": 0, "percent_statements_covered": 54.3859649122807, "percent_statements_covered_display": "54"}, "missing_lines": [72, 79, 103, 106, 107, 110, 111, 112, 113, 115, 117, 125, 126, 129, 130, 131, 132, 133, 134, 137, 138, 141, 143, 146, 149, 166], "excluded_lines": [], "functions": {"add_log_level_name": {"executed_lines": [13, 14, 15, 16, 17, 18, 19, 20, 21, 22, 23], "summary": {"covered_lines": 11, "num_statements": 11, "percent_covered": 100.0, "percent_covered_display": "100", "missing_lines": 0, "excluded_lines": 0, "percent_statements_covered": 100.0, "percent_statements_covered_display": "100"}, "missing_lines": [], "excluded_lines": []}, "configure_logging": {"executed_lines": [46, 49, 57, 60, 71, 74, 77, 87, 88, 90, 93, 102], "summary": {"covered_lines": 12, "num_statements": 22, "percent_covered": 54.54545454545455, "percent_covered_display": "55", "missing_lines": 10, "excluded_lines": 0, "percent_statements_covered": 54.54545454545455, "percent_statements_covered_display": "55"}, "missing_lines": [72, 79, 103, 106, 107, 110, 111, 115, 146, 149], "excluded_lines": []}, "configure_logging.StructlogFormatter.__init__": {"executed_lines": [], "summary": {"covered_lines": 0, "num_statements": 2, "percent_covered": 0.0, "percent_covered_display": "0", "missing_lines": 2, "excluded_lines": 0, "percent_statements_covered": 0.0, "percent_statements_covered_display": "0"}, "missing_lines": [112, 113], "excluded_lines": []}, "configure_logging.StructlogFormatter.format": {"executed_lines": [], "summary": {"covered_lines": 0, "num_statements": 13, "percent_covered": 0.0, "percent_covered_display": "0", "missing_lines": 13, "excluded_lines": 0, "percent_statements_covered": 0.0, "percent_statements_covered_display": "0"}, "missing_lines": [117, 125, 126, 129, 130, 131, 132, 133, 134, 137, 138, 141, 143], "excluded_lines": []}, "get_logger": {"executed_lines": [], "summary": {"covered_lines": 0, "num_statements": 1, "percent_covered": 0.0, "percent_covered_display": "0", "missing_lines": 1, "excluded_lines": 0, "percent_statements_covered": 0.0, "percent_statements_covered_display": "0"}, "missing_lines": [166], "excluded_lines": []}, "": {"executed_lines": [1, 3, 4, 5, 7, 8, 11, 26, 152], "summary": {"covered_lines": 8, "num_statements": 8, "percent_covered": 100.0, "percent_covered_display": "100", "missing_lines": 0, "excluded_lines": 0, "percent_statements_covered": 100.0, "percent_statements_covered_display": "100"}, "missing_lines": [], "excluded_lines": []}}, "classes": {"configure_logging.StructlogFormatter": {"executed_lines": [], "summary": {"covered_lines": 0, "num_statements": 15, "percent_covered": 0.0, "percent_covered_display": "0", "missing_lines": 15, "excluded_lines": 0, "percent_statements_covered": 0.0, "percent_statements_covered_display": "0"}, "missing_lines": [112, 113, 117, 125, 126, 129, 130, 131, 132, 133, 134, 137, 138, 141, 143], "excluded_lines": []}, "": {"executed_lines": [1, 3, 4, 5, 7, 8, 11, 13, 14, 15, 16, 17, 18, 19, 20, 21, 22, 23, 26, 46, 49, 57, 60, 71, 74, 77, 87, 88, 90, 93, 102, 152], "summary": {"covered_lines": 31, "num_statements": 42, "percent_covered": 73.80952380952381, "percent_covered_display": "74", "missing_lines": 11, "excluded_lines": 0, "percent_statements_covered": 73.80952380952381, "percent_statements_covered_display": "74"}, "missing_lines": [72, 79, 103, 106, 107, 110, 111, 115, 146, 149, 166], "excluded_lines": []}}}, "src/edm/models/__init__.py": {"executed_lines": [], "summary": {"covered_lines": 0, "num_statements": 0, "percent_covered": 100.0, "percent_covered_display": "100", "missing_lines": 0, "excluded_lines": 0, "percent_statements_covered": 100.0, "percent_statements_covered_display": "100"}, "missing_lines": [], "excluded_lines": [], "functions": {"": {"executed_lines": [], "summary": {"covered_lines": 0, "num_statements": 0, "percent_covered": 100.0, "percent_covered_display": "100", "missing_lines": 0, "excluded_lines": 0, "percent_statements_covered": 100.0, "percent_statements_covered_display": "100"}, "missing_lines": [], "excluded_lines": []}}, "classes": {"": {"executed_lines": [], "summary": {"covered_lines": 0, "num_statements": 0, "percent_covered": 100.0, "percent_covered_display": "100", "missing_lines": 0, "excluded_lines": 0, "percent_statements_covered": 100.0, "percent_statements_covered_display": "100"}, "missing_lines": [], "excluded_lines": []}}}, "src/edm/processing/__init__.py": {"executed_lines": [1, 3, 5], "summary": {"covered_lines": 2, "num_statements": 2, "percent_covered": 100.0, "percent_covered_display": "100", "missing_lines": 0, "excluded_lines": 0, "percent_statements_covered": 100.0, "percent_statements_covered_display": "100"}, "missing_lines": [], "excluded_lines": [], "functions": {"": {"executed_lines": [1, 3, 5], "summary": {"covered_lines": 2, "num_statements": 2, "percent_covered": 100.0, "percent_covered_display": "100", "missing_lines": 0, "excluded_lines": 0, "percent_statements_covered": 100.0, "percent_statements_covered_display": "100"}, "missing_lines": [], "excluded_lines": []}}, "classes": {"": {"executed_lines": [1, 3, 5], "summary": {"covered_lines": 2, "num_statements": 2, "percent_covered": 100.0, "percent_covered_display": "100", "missing_lines": 0, "excluded_lines": 0, "percent_statements_covered": 100.0, "percent_statements_covered_display": "100"}, "missing_lines": [], "excluded_lines": []}}}, "src/edm/processing/parallel.py": {"executed_lines": [1, 3, 4, 5, 6, 7, 9, 11, 14, 17, 20, 26, 29, 38, 46, 47, 50, 62, 63, 65, 67, 68, 74, 75, 80, 82, 85, 100, 101, 112, 127, 128, 129, 130, 132, 144, 145, 148, 149, 151, 153, 162, 163, 164, 165, 166, 167, 168, 170, 179, 185, 186, 189, 190, 196, 197, 198, 199, 200, 201, 203, 204, 221, 223, 224, 226, 228], "summary": {"covered_lines": 65, "num_statements": 84, "percent_covered": 77.38095238095238, "percent_covered_display": "77", "missing_lines": 19, "excluded_lines": 0, "percent_statements_covered": 77.38095238095238, "percent_statements_covered_display": "77"}, "missing_lines": [35, 92, 95, 97, 206, 207, 208, 209, 210, 211, 213, 214, 215, 216, 217, 218, 229, 230, 231], "excluded_lines": [], "functions": {"set_worker_log_level": {"executed_lines": [26], "summary": {"covered_lines": 1, "num_statements": 1, "percent_covered": 100.0, "percent_covered_display": "100", "missing_lines": 0, "excluded_lines": 0, "percent_statements_covered": 100.0, "percent_statements_covered_display": "100"}, "missing_lines": [], "excluded_lines": []}, "get_worker_log_level": {"executed_lines": [], "summary": {"covered_lines": 0, "num_statements": 1, "percent_covered": 0.0, "percent_covered_display": "0", "missing_lines": 1, "excluded_lines": 0, "percent_statements_covered": 0.0, "percent_statements_covered_display": "0"}, "missing_lines": [35], "excluded_lines": []}, "get_default_workers": {"executed_lines": [46, 47], "summary": {"covered_lines": 2, "num_statements": 2, "percent_covered": 100.0, "percent_covered_display": "100", "missing_lines": 0, "excluded_lines": 0, "percent_statements_covered": 100.0, "percent_statements_covered_display": "100"}, "missing_lines": [], "excluded_lines": []}, "validate_worker_count": {"executed_lines": [62, 63, 65, 67, 68, 74, 75, 80, 82], "summary": {"covered_lines": 9, "num_statements": 9, "percent_covered": 100.0, "percent_covered_display": "100", "missing_lines": 0, "excluded_lines": 0, "percent_statements_covered": 100.0, "percent_statements_covered_display": "100"}, "missing_lines": [], "excluded_lines": []}, "_init_worker": {"executed_lines": [], "summary": {"covered_lines": 0, "num_statements": 3, "percent_covered": 0.0, "percent_covered_display": "0", "missing_lines": 3, "excluded_lines": 0, "percent_statements_covered": 0.0, "percent_statements_covered_display": "0"}, "missing_lines": [92, 95, 97], "excluded_lines": []}, "ParallelProcessor.__init__": {"executed_lines": [127, 128, 129, 130], "summary": {"covered_lines": 4, "num_statements": 4, "percent_covered": 100.0, "percent_covered_display": "100", "missing_lines": 0, "excluded_lines": 0, "percent_statements_covered": 100.0, "percent_statements_covered_display": "100"}, "missing_lines": [], "excluded_lines": []}, "ParallelProcessor.process": {"executed_lines": [144, 145, 148, 149, 151], "summary": {"covered_lines": 5, "num_statements": 5, "percent_covered": 100.0, "percent_covered_display": "100", "missing_lines": 0, "excluded_lines": 0, "percent_statements_covered": 100.0, "percent_statements_covered_display": "100"}, "missing_lines": [], "excluded_lines": []}, "ParallelProcessor._process_sequential": {"executed_lines": [162, 163, 164, 165, 166, 167, 168], "summary": {"covered_lines": 7, "num_statements": 7, "percent_covered": 100.0, "percent_covered_display": "100", "missing_lines": 0, "excluded_lines": 0, "percent_statements_covered": 100.0, "percent_statements_covered_display": "100"}, "missing_lines": [], "excluded_lines": []}, "ParallelProcessor._process_parallel": {"executed_lines": [179, 185, 186, 189, 190, 196, 197, 198, 199, 200, 201, 203, 204, 221, 223, 224], "summary": {"covered_lines": 16, "num_statements": 28, "percent_covered": 57.142857142857146, "percent_covered_display": "57", "missing_lines": 12, "excluded_lines": 0, "percent_statements_covered": 57.142857142857146, "percent_statements_covered_display": "57"}, "missing_lines": [206, 207, 208, 209, 210, 211, 213, 214, 215, 216, 217, 218], "excluded_lines": []}, "ParallelProcessor.terminate": {"executed_lines": [228], "summary": {"covered_lines": 1, "num_statements": 4, "percent_covered": 25.0, "percent_covered_display": "25", "missing_lines": 3, "excluded_lines": 0, "percent_statements_covered": 25.0, "percent_statements_covered_display": "25"}, "missing_lines": [229, 230, 231], "excluded_lines": []}, "": {"executed_lines": [1, 3, 4, 5, 6, 7, 9, 11, 14, 17, 20, 29, 38, 50, 85, 100, 101, 112, 132, 153, 170, 226], "summary": {"covered_lines": 20, "num_statements": 20, "percent_covered": 100.0, "percent_covered_display": "100", "missing_lines": 0, "excluded_lines": 0, "percent_statements_covered": 100.0, "percent_statements_covered_display": "100"}, "missing_lines": [], "excluded_lines": []}}, "classes": {"ParallelProcessor": {"executed_lines": [127, 128, 129, 130, 144, 145, 148, 149, 151, 162, 163, 164, 165, 166, 167, 168, 179, 185, 186, 189, 190, 196, 197, 198, 199, 200, 201, 203, 204, 221, 223, 224, 228], "summary": {"covered_lines": 33, "num_statements": 48, "percent_covered": 68.75, "percent_covered_display": "69", "missing_lines": 15, "excluded_lines": 0, "percent_statements_covered": 68.75, "percent_statements_covered_display": "69"}, "missing_lines": [206, 207, 208, 209, 210, 211, 213, 214, 215, 216, 217, 218, 229, 230, 231], "excluded_lines": []}, "": {"executed_lines": [1, 3, 4, 5, 6, 7, 9, 11, 14, 17, 20, 26, 29, 38, 46, 47, 50, 62, 63, 65, 67, 68, 74, 75, 80, 82, 85, 100, 101, 112, 132, 153, 170, 226], "summary": {"covered_lines": 32, "num_statements": 36, "percent_covered": 88.88888888888889, "percent_covered_display": "89", "missing_lines": 4, "excluded_lines": 0, "percent_statements_covered": 88.88888888888889, "percent_statements_covered_display": "89"}, "missing_lines": [35, 92, 95, 97], "excluded_lines": []}}}}, "totals": {"covered_lines": 1256, "num_statements": 1648, "percent_covered": 76.2135922330097, "percent_covered_display": "76", "missing_lines": 392, "excluded_lines": 8, "percent_statements_covered": 76.2135922330097, "percent_statements_covered_display": "76"}}